<?xml version="1.0" encoding="utf-8"?>
<CoverageSession xmlns:xsd="http://www.w3.org/2001/XMLSchema" xmlns:xsi="http://www.w3.org/2001/XMLSchema-instance" Version="4.7.922.0">
  <Summary numSequencePoints="0" visitedSequencePoints="0" numBranchPoints="0" visitedBranchPoints="0" sequenceCoverage="0" branchCoverage="0" maxCyclomaticComplexity="0" minCyclomaticComplexity="0" maxCrapScore="0" minCrapScore="0" visitedClasses="0" numClasses="0" visitedMethods="0" numMethods="0" />
  <Modules>
    <Module skippedDueTo="Filter" hash="64-4A-8C-06-24-45-5D-64-42-ED-2A-47-61-98-1D-F4-06-76-40-CC">
      <ModulePath>C:\Program Files\dotnet\shared\Microsoft.NETCore.App\3.1.4\System.Private.CoreLib.dll</ModulePath>
      <ModuleTime>2020-04-02T19:14:40Z</ModuleTime>
      <ModuleName>System.Private.CoreLib</ModuleName>
      <Classes />
    </Module>
    <Module skippedDueTo="Filter" hash="6A-8B-2C-F1-FE-C1-B9-5F-CB-60-CE-EB-86-94-CE-03-7B-7F-CD-FB">
      <ModulePath>C:\Program Files\dotnet\sdk\3.1.300\dotnet.dll</ModulePath>
      <ModuleTime>2020-05-01T17:24:16Z</ModuleTime>
      <ModuleName>dotnet</ModuleName>
      <Classes />
    </Module>
    <Module skippedDueTo="Filter" hash="61-EA-9C-70-51-6B-66-E6-3B-AF-39-D2-5E-C0-E6-B9-E4-BB-41-39">
      <ModulePath>C:\Program Files\dotnet\shared\Microsoft.NETCore.App\3.1.4\System.Runtime.dll</ModulePath>
      <ModuleTime>2020-04-21T23:56:02Z</ModuleTime>
      <ModuleName>System.Runtime</ModuleName>
      <Classes />
    </Module>
    <Module skippedDueTo="Filter" hash="47-08-A7-0E-AE-00-D2-9B-28-B9-16-1F-BD-8B-B8-60-94-37-B7-FE">
      <ModulePath>C:\Program Files\dotnet\sdk\3.1.300\Microsoft.DotNet.Cli.Utils.dll</ModulePath>
      <ModuleTime>2020-05-01T17:24:20Z</ModuleTime>
      <ModuleName>Microsoft.DotNet.Cli.Utils</ModuleName>
      <Classes />
    </Module>
    <Module skippedDueTo="Filter" hash="2C-F8-89-FD-3F-D1-C8-D2-67-4E-70-B5-31-DD-82-D3-F2-F1-99-51">
      <ModulePath>C:\Program Files\dotnet\shared\Microsoft.NETCore.App\3.1.4\System.Runtime.Extensions.dll</ModulePath>
      <ModuleTime>2020-04-21T23:56:00Z</ModuleTime>
      <ModuleName>System.Runtime.Extensions</ModuleName>
      <Classes />
    </Module>
    <Module skippedDueTo="Filter" hash="98-F0-22-8A-D5-51-16-72-A6-F3-52-BC-8A-62-97-2C-8F-45-AE-91">
      <ModulePath>C:\Program Files\dotnet\shared\Microsoft.NETCore.App\3.1.4\System.Runtime.Loader.dll</ModulePath>
      <ModuleTime>2020-04-21T23:56:02Z</ModuleTime>
      <ModuleName>System.Runtime.Loader</ModuleName>
      <Classes />
    </Module>
    <Module skippedDueTo="Filter" hash="5C-34-A7-88-E5-3A-6C-8B-5C-54-84-54-51-B1-17-45-22-46-F7-0E">
      <ModulePath>C:\Program Files\dotnet\sdk\3.1.300\Microsoft.DotNet.PlatformAbstractions.dll</ModulePath>
      <ModuleTime>2020-05-01T17:24:22Z</ModuleTime>
      <ModuleName>Microsoft.DotNet.PlatformAbstractions</ModuleName>
      <Classes />
    </Module>
    <Module skippedDueTo="Filter" hash="9D-AF-BA-9B-52-34-9D-10-1B-02-1A-1F-85-AF-75-95-B5-D1-74-EC">
      <ModulePath>C:\Program Files\dotnet\shared\Microsoft.NETCore.App\3.1.4\netstandard.dll</ModulePath>
      <ModuleTime>2020-04-21T23:55:56Z</ModuleTime>
      <ModuleName>netstandard</ModuleName>
      <Classes />
    </Module>
    <Module skippedDueTo="Filter" hash="98-34-53-11-B2-2A-61-A8-FB-C3-D1-AA-02-30-74-8F-75-1F-45-87">
      <ModulePath>C:\Program Files\dotnet\shared\Microsoft.NETCore.App\3.1.4\System.Runtime.InteropServices.RuntimeInformation.dll</ModulePath>
      <ModuleTime>2020-04-21T23:55:34Z</ModuleTime>
      <ModuleName>System.Runtime.InteropServices.RuntimeInformation</ModuleName>
      <Classes />
    </Module>
    <Module skippedDueTo="Filter" hash="DF-15-10-44-81-D4-80-BE-97-C0-60-D5-46-EB-C6-F7-B6-17-83-E6">
      <ModulePath>C:\Program Files\dotnet\shared\Microsoft.NETCore.App\3.1.4\System.IO.FileSystem.dll</ModulePath>
      <ModuleTime>2020-04-21T23:56:06Z</ModuleTime>
      <ModuleName>System.IO.FileSystem</ModuleName>
      <Classes />
    </Module>
    <Module skippedDueTo="Filter" hash="06-1B-67-C8-C4-08-F0-E3-70-BE-43-EF-EC-07-F5-D0-BA-F9-75-E2">
      <ModulePath>C:\Program Files\dotnet\shared\Microsoft.NETCore.App\3.1.4\System.Runtime.InteropServices.dll</ModulePath>
      <ModuleTime>2020-04-21T23:56:04Z</ModuleTime>
      <ModuleName>System.Runtime.InteropServices</ModuleName>
      <Classes />
    </Module>
    <Module skippedDueTo="Filter" hash="79-C9-80-44-C6-E5-F0-10-C6-ED-BC-22-D2-9B-D5-25-41-C3-B1-6D">
      <ModulePath>C:\Program Files\dotnet\shared\Microsoft.NETCore.App\3.1.4\System.Memory.dll</ModulePath>
      <ModuleTime>2020-04-21T23:56:06Z</ModuleTime>
      <ModuleName>System.Memory</ModuleName>
      <Classes />
    </Module>
    <Module skippedDueTo="Filter" hash="31-80-2C-7D-2D-48-41-C2-79-D3-CF-48-8C-D8-DA-3F-19-92-36-DB">
      <ModulePath>C:\Program Files\dotnet\shared\Microsoft.NETCore.App\3.1.4\System.Threading.dll</ModulePath>
      <ModuleTime>2020-04-21T23:55:34Z</ModuleTime>
      <ModuleName>System.Threading</ModuleName>
      <Classes />
    </Module>
    <Module skippedDueTo="Filter" hash="1A-CA-31-FA-BB-45-86-55-11-2B-33-54-9F-AB-90-43-3A-62-FE-9B">
      <ModulePath>C:\Program Files\dotnet\shared\Microsoft.NETCore.App\3.1.4\System.Text.Encoding.CodePages.dll</ModulePath>
      <ModuleTime>2020-04-21T23:56:14Z</ModuleTime>
      <ModuleName>System.Text.Encoding.CodePages</ModuleName>
      <Classes />
    </Module>
    <Module skippedDueTo="Filter" hash="B6-5D-0A-88-5D-BE-F7-B3-8D-74-06-BF-BB-38-FB-A8-A6-4C-95-B5">
      <ModulePath>C:\Program Files\dotnet\shared\Microsoft.NETCore.App\3.1.4\System.Collections.dll</ModulePath>
      <ModuleTime>2020-04-21T23:55:32Z</ModuleTime>
      <ModuleName>System.Collections</ModuleName>
      <Classes />
    </Module>
    <Module skippedDueTo="Filter" hash="8D-E5-C3-F3-2B-39-FA-80-13-D6-BC-DC-1E-20-16-2D-C0-7E-BA-FD">
      <ModulePath>C:\Program Files\dotnet\shared\Microsoft.NETCore.App\3.1.4\System.Collections.Concurrent.dll</ModulePath>
      <ModuleTime>2020-04-21T23:55:58Z</ModuleTime>
      <ModuleName>System.Collections.Concurrent</ModuleName>
      <Classes />
    </Module>
    <Module skippedDueTo="Filter" hash="9D-04-1C-5F-D0-87-34-C7-1C-8D-05-7F-AB-D0-26-40-65-2D-DA-68">
      <ModulePath>C:\Program Files\dotnet\shared\Microsoft.NETCore.App\3.1.4\System.Threading.Thread.dll</ModulePath>
      <ModuleTime>2020-04-21T23:56:14Z</ModuleTime>
      <ModuleName>System.Threading.Thread</ModuleName>
      <Classes />
    </Module>
    <Module skippedDueTo="Filter" hash="4C-A3-E0-7A-11-F4-B7-08-0F-2C-52-AC-F1-B8-B0-81-16-6C-D5-DC">
      <ModulePath>C:\Program Files\dotnet\sdk\3.1.300\Microsoft.DotNet.Configurer.dll</ModulePath>
      <ModuleTime>2020-05-01T17:24:18Z</ModuleTime>
      <ModuleName>Microsoft.DotNet.Configurer</ModuleName>
      <Classes />
    </Module>
    <Module skippedDueTo="Filter" hash="E5-37-B1-58-B0-90-5E-FD-9E-F9-4E-0F-25-8A-4D-B6-B0-5A-50-4D">
      <ModulePath>C:\Program Files\dotnet\sdk\3.1.300\Microsoft.DotNet.Cli.CommandLine.dll</ModulePath>
      <ModuleTime>2020-05-01T17:24:20Z</ModuleTime>
      <ModuleName>Microsoft.DotNet.Cli.CommandLine</ModuleName>
      <Classes />
    </Module>
    <Module skippedDueTo="Filter" hash="75-FD-4A-EA-88-2D-E5-F0-9D-ED-9F-5D-D0-21-FB-98-5E-2B-21-18">
      <ModulePath>C:\Program Files\dotnet\shared\Microsoft.NETCore.App\3.1.4\System.Diagnostics.Process.dll</ModulePath>
      <ModuleTime>2020-04-21T23:56:00Z</ModuleTime>
      <ModuleName>System.Diagnostics.Process</ModuleName>
      <Classes />
    </Module>
    <Module skippedDueTo="Filter" hash="E3-9F-2D-C9-C1-A7-97-0C-22-81-8F-FC-78-89-F3-79-2F-51-D8-8B">
      <ModulePath>C:\Program Files\dotnet\sdk\3.1.300\Microsoft.DotNet.InternalAbstractions.dll</ModulePath>
      <ModuleTime>2020-05-01T17:24:20Z</ModuleTime>
      <ModuleName>Microsoft.DotNet.InternalAbstractions</ModuleName>
      <Classes />
    </Module>
    <Module skippedDueTo="Filter" hash="B6-07-29-E9-E1-61-EB-71-79-42-20-83-C9-1B-56-6E-55-97-81-B6">
      <ModulePath>C:\Program Files\dotnet\shared\Microsoft.NETCore.App\3.1.4\System.Linq.dll</ModulePath>
      <ModuleTime>2020-04-21T23:56:04Z</ModuleTime>
      <ModuleName>System.Linq</ModuleName>
      <Classes />
    </Module>
    <Module skippedDueTo="Filter" hash="09-D3-97-D0-94-A5-D0-87-E4-4E-F7-50-09-74-59-A9-59-A2-F8-8D">
      <ModulePath>C:\Program Files\dotnet\sdk\3.1.300\NuGet.Frameworks.dll</ModulePath>
      <ModuleTime>2020-05-01T17:24:00Z</ModuleTime>
      <ModuleName>NuGet.Frameworks</ModuleName>
      <Classes />
    </Module>
    <Module skippedDueTo="Filter" hash="D5-EE-94-F3-0C-AC-B2-09-54-D8-3D-01-54-2F-17-39-7E-DA-30-61">
      <ModulePath>C:\Program Files\dotnet\shared\Microsoft.NETCore.App\3.1.4\System.Console.dll</ModulePath>
      <ModuleTime>2020-04-21T23:56:00Z</ModuleTime>
      <ModuleName>System.Console</ModuleName>
      <Classes />
    </Module>
    <Module skippedDueTo="Filter" hash="8E-79-F6-5C-6C-3B-8B-3B-EB-BE-2F-75-89-94-15-94-9A-E5-90-66">
      <ModulePath>C:\Program Files\dotnet\shared\Microsoft.NETCore.App\3.1.4\System.Text.Encoding.Extensions.dll</ModulePath>
      <ModuleTime>2020-04-21T23:56:10Z</ModuleTime>
      <ModuleName>System.Text.Encoding.Extensions</ModuleName>
      <Classes />
    </Module>
    <Module skippedDueTo="Filter" hash="7B-CD-89-00-7B-BF-0D-A2-E2-D0-AD-EC-48-AD-6A-8F-37-A4-0C-49">
      <ModulePath>C:\Program Files\dotnet\shared\Microsoft.NETCore.App\3.1.4\System.Runtime.CompilerServices.Unsafe.dll</ModulePath>
      <ModuleTime>2020-04-21T23:56:00Z</ModuleTime>
      <ModuleName>System.Runtime.CompilerServices.Unsafe</ModuleName>
      <Classes />
    </Module>
    <Module skippedDueTo="Filter" hash="FA-3D-8F-81-C8-32-4D-A7-E7-C3-20-17-89-4F-AF-72-35-21-35-A7">
      <ModulePath>C:\Program Files\dotnet\sdk\3.1.300\Microsoft.ApplicationInsights.dll</ModulePath>
      <ModuleTime>2020-05-01T17:24:20Z</ModuleTime>
      <ModuleName>Microsoft.ApplicationInsights</ModuleName>
      <Classes />
    </Module>
    <Module skippedDueTo="Filter" hash="AE-0A-7A-8F-17-C2-CC-61-DC-04-2B-DA-3E-24-FB-AD-46-95-76-1F">
      <ModulePath>C:\Program Files\dotnet\shared\Microsoft.NETCore.App\3.1.4\System.Security.Cryptography.Algorithms.dll</ModulePath>
      <ModuleTime>2020-04-21T23:56:04Z</ModuleTime>
      <ModuleName>System.Security.Cryptography.Algorithms</ModuleName>
      <Classes />
    </Module>
    <Module skippedDueTo="Filter" hash="E1-33-4B-FC-E5-60-16-DB-76-9F-ED-5A-6B-14-AD-00-EC-18-7B-71">
      <ModulePath>C:\Program Files\dotnet\shared\Microsoft.NETCore.App\3.1.4\System.Buffers.dll</ModulePath>
      <ModuleTime>2020-04-21T23:55:58Z</ModuleTime>
      <ModuleName>System.Buffers</ModuleName>
      <Classes />
    </Module>
    <Module skippedDueTo="Filter" hash="F1-6E-7D-51-78-2A-87-33-DA-8E-46-8E-BF-07-D4-1E-2B-9E-D9-E4">
      <ModulePath>C:\Program Files\dotnet\shared\Microsoft.NETCore.App\3.1.4\System.Private.Uri.dll</ModulePath>
      <ModuleTime>2020-04-21T23:55:58Z</ModuleTime>
      <ModuleName>System.Private.Uri</ModuleName>
      <Classes />
    </Module>
    <Module skippedDueTo="Filter" hash="5F-BC-E7-B4-8A-9B-20-2F-68-13-5E-EC-C4-41-5D-BD-D1-F1-80-AD">
      <ModulePath>C:\Program Files\dotnet\shared\Microsoft.NETCore.App\3.1.4\System.Security.Cryptography.Primitives.dll</ModulePath>
      <ModuleTime>2020-04-21T23:55:32Z</ModuleTime>
      <ModuleName>System.Security.Cryptography.Primitives</ModuleName>
      <Classes />
    </Module>
    <Module skippedDueTo="Filter" hash="B6-DF-C6-EA-2B-15-75-EC-06-DC-07-B6-E5-E4-D7-96-7F-2F-40-9B">
      <ModulePath>C:\Program Files\dotnet\shared\Microsoft.NETCore.App\3.1.4\System.Threading.Tasks.dll</ModulePath>
      <ModuleTime>2020-04-21T23:56:14Z</ModuleTime>
      <ModuleName>System.Threading.Tasks</ModuleName>
      <Classes />
    </Module>
    <Module skippedDueTo="Filter" hash="83-A9-75-64-DA-96-A8-7F-94-2E-6C-1B-EC-53-60-93-24-3A-3E-B7">
      <ModulePath>C:\Program Files\dotnet\shared\Microsoft.NETCore.App\3.1.4\System.Reflection.Extensions.dll</ModulePath>
      <ModuleTime>2020-04-21T23:55:54Z</ModuleTime>
      <ModuleName>System.Reflection.Extensions</ModuleName>
      <Classes />
    </Module>
    <Module skippedDueTo="Filter" hash="97-B6-10-6E-F0-50-9D-1E-B3-EA-02-83-A6-F4-1B-E2-53-A3-6D-31">
      <ModulePath>C:\Program Files\dotnet\sdk\3.1.300\Microsoft.TemplateEngine.Cli.dll</ModulePath>
      <ModuleTime>2020-05-01T17:24:22Z</ModuleTime>
      <ModuleName>Microsoft.TemplateEngine.Cli</ModuleName>
      <Classes />
    </Module>
    <Module skippedDueTo="Filter" hash="34-B9-FC-4C-9A-A9-7E-A4-81-93-7D-CD-24-72-5A-89-B6-86-C5-D3">
      <ModulePath>C:\Program Files\dotnet\shared\Microsoft.NETCore.App\3.1.4\System.Reflection.dll</ModulePath>
      <ModuleTime>2020-04-21T23:55:32Z</ModuleTime>
      <ModuleName>System.Reflection</ModuleName>
      <Classes />
    </Module>
    <Module skippedDueTo="Filter" hash="80-57-50-C0-46-C7-FB-07-A0-B7-EC-16-FC-BB-D5-1D-BE-30-D8-5B">
      <ModulePath>C:\Program Files\dotnet\shared\Microsoft.NETCore.App\3.1.4\System.Resources.ResourceManager.dll</ModulePath>
      <ModuleTime>2020-04-21T23:56:00Z</ModuleTime>
      <ModuleName>System.Resources.ResourceManager</ModuleName>
      <Classes />
    </Module>
    <Module skippedDueTo="Filter" hash="DE-7D-67-F0-33-1B-93-AC-FF-BA-49-A4-6E-96-A2-3C-57-8D-2E-AB">
      <ModulePath>C:\Program Files\dotnet\shared\Microsoft.NETCore.App\3.1.4\System.Net.Http.dll</ModulePath>
      <ModuleTime>2020-04-21T23:56:08Z</ModuleTime>
      <ModuleName>System.Net.Http</ModuleName>
      <Classes />
    </Module>
    <Module skippedDueTo="Filter" hash="2F-5C-2D-17-55-1C-CB-74-35-BE-93-09-C9-48-6D-C1-2A-B6-14-A4">
      <ModulePath>C:\Program Files\dotnet\shared\Microsoft.NETCore.App\3.1.4\System.Xml.XDocument.dll</ModulePath>
      <ModuleTime>2020-04-21T23:55:36Z</ModuleTime>
      <ModuleName>System.Xml.XDocument</ModuleName>
      <Classes />
    </Module>
    <Module skippedDueTo="Filter" hash="D3-44-FD-A7-82-9F-EE-A7-5C-31-8B-09-F2-06-89-5B-6E-14-55-75">
      <ModulePath>C:\Program Files\dotnet\shared\Microsoft.NETCore.App\3.1.4\System.Text.RegularExpressions.dll</ModulePath>
      <ModuleTime>2020-04-21T23:56:12Z</ModuleTime>
      <ModuleName>System.Text.RegularExpressions</ModuleName>
      <Classes />
    </Module>
    <Module skippedDueTo="Filter" hash="02-0A-AE-E2-9A-25-86-C7-5E-69-3C-F6-8D-77-D2-6A-81-0E-D1-D7">
      <ModulePath>C:\Program Files\dotnet\shared\Microsoft.NETCore.App\3.1.4\System.Net.Primitives.dll</ModulePath>
      <ModuleTime>2020-04-21T23:55:58Z</ModuleTime>
      <ModuleName>System.Net.Primitives</ModuleName>
      <Classes />
    </Module>
    <Module skippedDueTo="Filter" hash="78-CB-F6-62-13-F8-D4-ED-2A-EC-83-55-A4-0B-F1-EA-10-BA-AF-97">
      <ModulePath>C:\Program Files\dotnet\shared\Microsoft.NETCore.App\3.1.4\System.Private.Xml.Linq.dll</ModulePath>
      <ModuleTime>2020-04-21T23:55:58Z</ModuleTime>
      <ModuleName>System.Private.Xml.Linq</ModuleName>
      <Classes />
    </Module>
    <Module skippedDueTo="Filter" hash="8B-DE-AB-B9-76-74-41-07-68-B8-BE-20-B1-9C-91-7E-5B-1B-94-73">
      <ModulePath>C:\Program Files\dotnet\shared\Microsoft.NETCore.App\3.1.4\System.Diagnostics.Tracing.dll</ModulePath>
      <ModuleTime>2020-04-21T23:56:02Z</ModuleTime>
      <ModuleName>System.Diagnostics.Tracing</ModuleName>
      <Classes />
    </Module>
    <Module skippedDueTo="Filter" hash="E7-6B-50-1F-7F-A8-44-14-79-31-AA-E4-72-C3-40-85-41-00-7B-17">
      <ModulePath>C:\Program Files\dotnet\shared\Microsoft.NETCore.App\3.1.4\System.Reflection.Emit.ILGeneration.dll</ModulePath>
      <ModuleTime>2020-04-21T23:55:54Z</ModuleTime>
      <ModuleName>System.Reflection.Emit.ILGeneration</ModuleName>
      <Classes />
    </Module>
    <Module skippedDueTo="Filter" hash="74-6B-8E-15-3C-E4-B7-D6-2B-AF-A6-93-B7-F9-80-02-63-1D-11-EF">
      <ModulePath>C:\Program Files\dotnet\shared\Microsoft.NETCore.App\3.1.4\System.Private.Xml.dll</ModulePath>
      <ModuleTime>2020-04-21T23:55:56Z</ModuleTime>
      <ModuleName>System.Private.Xml</ModuleName>
      <Classes />
    </Module>
    <Module skippedDueTo="Filter" hash="6D-6F-78-C5-41-B6-C4-39-30-D4-35-45-4A-2E-8E-81-AD-32-53-67">
      <ModulePath>C:\Program Files\dotnet\shared\Microsoft.NETCore.App\3.1.4\System.Reflection.Emit.Lightweight.dll</ModulePath>
      <ModuleTime>2020-04-21T23:55:56Z</ModuleTime>
      <ModuleName>System.Reflection.Emit.Lightweight</ModuleName>
      <Classes />
    </Module>
    <Module skippedDueTo="Filter" hash="E8-B8-77-D0-97-20-9C-92-88-2A-D1-DA-36-A8-A5-91-ED-19-31-5B">
      <ModulePath>C:\Program Files\dotnet\shared\Microsoft.NETCore.App\3.1.4\System.Net.Security.dll</ModulePath>
      <ModuleTime>2020-04-21T23:55:58Z</ModuleTime>
      <ModuleName>System.Net.Security</ModuleName>
      <Classes />
    </Module>
    <Module skippedDueTo="Filter" hash="44-92-4C-5C-27-38-E8-27-D3-18-54-9B-C1-AE-20-D6-DE-D0-38-25">
      <ModulePath>C:\Program Files\dotnet\shared\Microsoft.NETCore.App\3.1.4\System.Xml.ReaderWriter.dll</ModulePath>
      <ModuleTime>2020-04-21T23:55:32Z</ModuleTime>
      <ModuleName>System.Xml.ReaderWriter</ModuleName>
      <Classes />
    </Module>
    <Module skippedDueTo="Filter" hash="41-3C-90-48-74-E4-91-20-0F-54-D6-5E-74-13-34-47-2C-8B-62-40">
      <ModulePath>C:\Program Files\dotnet\shared\Microsoft.NETCore.App\3.1.4\System.Reflection.Primitives.dll</ModulePath>
      <ModuleTime>2020-04-21T23:55:32Z</ModuleTime>
      <ModuleName>System.Reflection.Primitives</ModuleName>
      <Classes />
    </Module>
    <Module skippedDueTo="Filter" hash="59-D9-0F-26-0C-60-9D-A8-07-0A-65-64-F3-68-AC-40-09-7C-E3-D2">
      <ModulePath>C:\Program Files\dotnet\shared\Microsoft.NETCore.App\3.1.4\System.Security.Cryptography.X509Certificates.dll</ModulePath>
      <ModuleTime>2020-04-21T23:56:06Z</ModuleTime>
      <ModuleName>System.Security.Cryptography.X509Certificates</ModuleName>
      <Classes />
    </Module>
    <Module skippedDueTo="Filter" hash="E9-2D-04-CC-7F-8B-8E-69-55-B9-A6-94-2C-8F-30-6E-19-CF-F7-73">
      <ModulePath>C:\Program Files\dotnet\shared\Microsoft.NETCore.App\3.1.4\System.Globalization.dll</ModulePath>
      <ModuleTime>2020-04-21T23:56:06Z</ModuleTime>
      <ModuleName>System.Globalization</ModuleName>
      <Classes />
    </Module>
    <Module skippedDueTo="Filter" hash="68-32-1D-8F-63-07-F8-9F-71-36-F8-22-F1-37-1A-24-17-94-A6-2A">
      <ModulePath>C:\Program Files\dotnet\shared\Microsoft.NETCore.App\3.1.4\System.Net.Requests.dll</ModulePath>
      <ModuleTime>2020-04-21T23:55:58Z</ModuleTime>
      <ModuleName>System.Net.Requests</ModuleName>
      <Classes />
    </Module>
    <Module skippedDueTo="Filter" hash="0B-D1-70-96-0D-2C-A5-0E-F8-0F-D6-8C-A8-64-FC-DD-F8-FB-ED-DF">
      <ModulePath>C:\Program Files\dotnet\sdk\3.1.300\Microsoft.TemplateEngine.Utils.dll</ModulePath>
      <ModuleTime>2020-05-01T17:24:22Z</ModuleTime>
      <ModuleName>Microsoft.TemplateEngine.Utils</ModuleName>
      <Classes />
    </Module>
    <Module skippedDueTo="Filter" hash="DF-C8-08-3C-4A-63-F0-56-CD-66-DB-99-18-5D-A2-9D-CB-A7-A7-67">
      <ModulePath>C:\Program Files\dotnet\shared\Microsoft.NETCore.App\3.1.4\System.Net.NetworkInformation.dll</ModulePath>
      <ModuleTime>2020-04-21T23:56:08Z</ModuleTime>
      <ModuleName>System.Net.NetworkInformation</ModuleName>
      <Classes />
    </Module>
    <Module skippedDueTo="Filter" hash="61-53-1F-AD-5B-0A-07-EB-0B-45-EF-CD-02-F9-C2-0D-29-65-EB-19">
      <ModulePath>C:\Program Files\dotnet\shared\Microsoft.NETCore.App\3.1.4\Microsoft.Win32.Registry.dll</ModulePath>
      <ModuleTime>2020-04-21T23:55:58Z</ModuleTime>
      <ModuleName>Microsoft.Win32.Registry</ModuleName>
      <Classes />
    </Module>
    <Module skippedDueTo="Filter" hash="D8-DE-57-18-7D-51-C2-48-2C-E3-4A-31-87-3D-0E-D3-B8-86-8B-8A">
      <ModulePath>C:\Program Files\dotnet\shared\Microsoft.NETCore.App\3.1.4\Microsoft.Win32.Primitives.dll</ModulePath>
      <ModuleTime>2020-04-21T23:55:58Z</ModuleTime>
      <ModuleName>Microsoft.Win32.Primitives</ModuleName>
      <Classes />
    </Module>
    <Module skippedDueTo="Filter" hash="EB-68-4D-EC-4A-95-4D-41-6C-37-BF-59-67-F5-15-48-C1-F1-66-9B">
      <ModulePath>C:\Program Files\dotnet\shared\Microsoft.NETCore.App\3.1.4\System.Diagnostics.Tools.dll</ModulePath>
      <ModuleTime>2020-04-21T23:56:00Z</ModuleTime>
      <ModuleName>System.Diagnostics.Tools</ModuleName>
      <Classes />
    </Module>
    <Module skippedDueTo="Filter" hash="4D-91-8F-35-79-B8-2F-E4-06-94-8B-8D-7E-AE-BE-C4-4C-5C-C4-BF">
      <ModulePath>C:\Program Files\dotnet\shared\Microsoft.NETCore.App\3.1.4\System.Diagnostics.Debug.dll</ModulePath>
      <ModuleTime>2020-04-21T23:56:00Z</ModuleTime>
      <ModuleName>System.Diagnostics.Debug</ModuleName>
      <Classes />
    </Module>
    <Module skippedDueTo="Filter" hash="AD-6F-77-17-CE-65-BA-E3-AA-BE-7A-2E-BC-D1-EA-91-3A-C6-91-17">
      <ModulePath>C:\Program Files\dotnet\shared\Microsoft.NETCore.App\3.1.4\System.IO.dll</ModulePath>
      <ModuleTime>2020-04-21T23:56:02Z</ModuleTime>
      <ModuleName>System.IO</ModuleName>
      <Classes />
    </Module>
    <Module skippedDueTo="Filter" hash="41-C9-14-5C-48-47-25-A0-6F-EB-DB-34-67-8D-8A-C2-59-60-4E-0F">
      <ModulePath>C:\Program Files\dotnet\shared\Microsoft.NETCore.App\3.1.4\System.Text.Encoding.dll</ModulePath>
      <ModuleTime>2020-04-21T23:56:12Z</ModuleTime>
      <ModuleName>System.Text.Encoding</ModuleName>
      <Classes />
    </Module>
    <Module skippedDueTo="Filter" hash="F6-4A-17-C6-32-24-D7-F6-89-88-02-02-2E-DC-98-21-74-67-17-39">
      <ModulePath>C:\Program Files\dotnet\shared\Microsoft.NETCore.App\3.1.4\System.IO.Compression.dll</ModulePath>
      <ModuleTime>2020-04-21T23:56:02Z</ModuleTime>
      <ModuleName>System.IO.Compression</ModuleName>
      <Classes />
    </Module>
    <Module skippedDueTo="Filter" hash="16-7E-F6-65-75-80-96-2D-E7-0A-7D-F3-33-83-CB-B1-BF-78-3B-FD">
      <ModulePath>C:\Program Files\dotnet\sdk\3.1.300\Microsoft.Build.Framework.dll</ModulePath>
      <ModuleTime>2020-05-01T17:24:18Z</ModuleTime>
      <ModuleName>Microsoft.Build.Framework</ModuleName>
      <Classes />
    </Module>
    <Module skippedDueTo="Filter" hash="C2-B6-5F-43-D3-08-2D-22-EA-75-0C-1C-5D-2C-1C-47-26-F0-1E-BC">
      <ModulePath>C:\Program Files\dotnet\shared\Microsoft.NETCore.App\3.1.4\System.ComponentModel.Primitives.dll</ModulePath>
      <ModuleTime>2020-04-21T23:55:56Z</ModuleTime>
      <ModuleName>System.ComponentModel.Primitives</ModuleName>
      <Classes />
    </Module>
    <Module skippedDueTo="Filter" hash="B7-85-2F-9D-B8-87-BB-05-C1-B5-9E-D9-8D-2A-B8-3E-1D-5C-CA-8B">
      <ModulePath>C:\Program Files\dotnet\shared\Microsoft.NETCore.App\3.1.4\System.Collections.NonGeneric.dll</ModulePath>
      <ModuleTime>2020-04-21T23:55:34Z</ModuleTime>
      <ModuleName>System.Collections.NonGeneric</ModuleName>
      <Classes />
    </Module>
    <Module skippedDueTo="Filter" hash="D4-30-99-17-8B-6D-C5-C9-4D-AB-2B-24-7E-C6-00-1F-2E-70-B4-FD">
      <ModulePath>C:\Program Files\dotnet\shared\Microsoft.NETCore.App\3.1.4\System.Diagnostics.DiagnosticSource.dll</ModulePath>
      <ModuleTime>2020-04-21T23:56:00Z</ModuleTime>
      <ModuleName>System.Diagnostics.DiagnosticSource</ModuleName>
      <Classes />
    </Module>
    <Module skippedDueTo="Filter" hash="64-4A-8C-06-24-45-5D-64-42-ED-2A-47-61-98-1D-F4-06-76-40-CC">
      <ModulePath>C:\Program Files\dotnet\shared\Microsoft.NETCore.App\3.1.4\System.Private.CoreLib.dll</ModulePath>
      <ModuleTime>2020-04-02T19:14:40Z</ModuleTime>
      <ModuleName>System.Private.CoreLib</ModuleName>
      <Classes />
    </Module>
    <Module skippedDueTo="Filter" hash="7E-39-5B-A4-AE-92-35-EB-E6-4C-DE-B0-2F-5D-2D-D2-88-BC-DB-88">
      <ModulePath>C:\Program Files\dotnet\shared\Microsoft.NETCore.App\3.1.4\System.Threading.Timer.dll</ModulePath>
      <ModuleTime>2020-04-21T23:56:12Z</ModuleTime>
      <ModuleName>System.Threading.Timer</ModuleName>
      <Classes />
    </Module>
    <Module skippedDueTo="Filter" hash="3E-DB-4C-12-F3-45-B1-2C-34-5B-25-95-96-93-0B-09-4C-13-32-D6">
      <ModulePath>C:\Program Files\dotnet\sdk\3.1.300\MSBuild.dll</ModulePath>
      <ModuleTime>2020-05-01T17:24:00Z</ModuleTime>
      <ModuleName>MSBuild</ModuleName>
      <Classes />
    </Module>
    <Module skippedDueTo="Filter" hash="61-EA-9C-70-51-6B-66-E6-3B-AF-39-D2-5E-C0-E6-B9-E4-BB-41-39">
      <ModulePath>C:\Program Files\dotnet\shared\Microsoft.NETCore.App\3.1.4\System.Runtime.dll</ModulePath>
      <ModuleTime>2020-04-21T23:56:02Z</ModuleTime>
      <ModuleName>System.Runtime</ModuleName>
      <Classes />
    </Module>
    <Module skippedDueTo="Filter" hash="44-F0-AC-A9-A3-64-A5-B3-D7-FF-6A-46-67-B9-6E-08-35-C6-DD-12">
      <ModulePath>C:\Program Files\dotnet\shared\Microsoft.NETCore.App\3.1.4\System.Net.Sockets.dll</ModulePath>
      <ModuleTime>2020-04-21T23:55:32Z</ModuleTime>
      <ModuleName>System.Net.Sockets</ModuleName>
      <Classes />
    </Module>
    <Module skippedDueTo="Filter" hash="2C-F8-89-FD-3F-D1-C8-D2-67-4E-70-B5-31-DD-82-D3-F2-F1-99-51">
      <ModulePath>C:\Program Files\dotnet\shared\Microsoft.NETCore.App\3.1.4\System.Runtime.Extensions.dll</ModulePath>
      <ModuleTime>2020-04-21T23:56:00Z</ModuleTime>
      <ModuleName>System.Runtime.Extensions</ModuleName>
      <Classes />
    </Module>
    <Module skippedDueTo="Filter" hash="31-80-2C-7D-2D-48-41-C2-79-D3-CF-48-8C-D8-DA-3F-19-92-36-DB">
      <ModulePath>C:\Program Files\dotnet\shared\Microsoft.NETCore.App\3.1.4\System.Threading.dll</ModulePath>
      <ModuleTime>2020-04-21T23:55:34Z</ModuleTime>
      <ModuleName>System.Threading</ModuleName>
      <Classes />
    </Module>
    <Module skippedDueTo="Filter" hash="B6-DF-C6-EA-2B-15-75-EC-06-DC-07-B6-E5-E4-D7-96-7F-2F-40-9B">
      <ModulePath>C:\Program Files\dotnet\shared\Microsoft.NETCore.App\3.1.4\System.Threading.Tasks.dll</ModulePath>
      <ModuleTime>2020-04-21T23:56:14Z</ModuleTime>
      <ModuleName>System.Threading.Tasks</ModuleName>
      <Classes />
    </Module>
    <Module skippedDueTo="Filter" hash="16-7E-F6-65-75-80-96-2D-E7-0A-7D-F3-33-83-CB-B1-BF-78-3B-FD">
      <ModulePath>C:\Program Files\dotnet\sdk\3.1.300\Microsoft.Build.Framework.dll</ModulePath>
      <ModuleTime>2020-05-01T17:24:18Z</ModuleTime>
      <ModuleName>Microsoft.Build.Framework</ModuleName>
      <Classes />
    </Module>
    <Module skippedDueTo="Filter" hash="9D-AF-BA-9B-52-34-9D-10-1B-02-1A-1F-85-AF-75-95-B5-D1-74-EC">
      <ModulePath>C:\Program Files\dotnet\shared\Microsoft.NETCore.App\3.1.4\netstandard.dll</ModulePath>
      <ModuleTime>2020-04-21T23:55:56Z</ModuleTime>
      <ModuleName>netstandard</ModuleName>
      <Classes />
    </Module>
    <Module skippedDueTo="Filter" hash="30-6E-59-27-4A-E9-FD-57-5B-41-1D-E8-9B-8E-77-FB-E6-A7-AB-0D">
      <ModulePath>C:\Program Files\dotnet\shared\Microsoft.NETCore.App\3.1.4\System.Threading.Overlapped.dll</ModulePath>
      <ModuleTime>2020-04-21T23:56:14Z</ModuleTime>
      <ModuleName>System.Threading.Overlapped</ModuleName>
      <Classes />
    </Module>
    <Module skippedDueTo="Filter" hash="46-8D-27-67-43-10-50-9F-C9-D6-40-93-FD-0C-92-A1-15-89-78-F8">
      <ModulePath>C:\Program Files\dotnet\shared\Microsoft.NETCore.App\3.1.4\System.Net.NameResolution.dll</ModulePath>
      <ModuleTime>2020-04-21T23:56:08Z</ModuleTime>
      <ModuleName>System.Net.NameResolution</ModuleName>
      <Classes />
    </Module>
    <Module skippedDueTo="Filter" hash="98-34-53-11-B2-2A-61-A8-FB-C3-D1-AA-02-30-74-8F-75-1F-45-87">
      <ModulePath>C:\Program Files\dotnet\shared\Microsoft.NETCore.App\3.1.4\System.Runtime.InteropServices.RuntimeInformation.dll</ModulePath>
      <ModuleTime>2020-04-21T23:55:34Z</ModuleTime>
      <ModuleName>System.Runtime.InteropServices.RuntimeInformation</ModuleName>
      <Classes />
    </Module>
    <Module skippedDueTo="Filter" hash="75-FD-4A-EA-88-2D-E5-F0-9D-ED-9F-5D-D0-21-FB-98-5E-2B-21-18">
      <ModulePath>C:\Program Files\dotnet\shared\Microsoft.NETCore.App\3.1.4\System.Diagnostics.Process.dll</ModulePath>
      <ModuleTime>2020-04-21T23:56:00Z</ModuleTime>
      <ModuleName>System.Diagnostics.Process</ModuleName>
      <Classes />
    </Module>
    <Module skippedDueTo="Filter" hash="C2-B6-5F-43-D3-08-2D-22-EA-75-0C-1C-5D-2C-1C-47-26-F0-1E-BC">
      <ModulePath>C:\Program Files\dotnet\shared\Microsoft.NETCore.App\3.1.4\System.ComponentModel.Primitives.dll</ModulePath>
      <ModuleTime>2020-04-21T23:55:56Z</ModuleTime>
      <ModuleName>System.ComponentModel.Primitives</ModuleName>
      <Classes />
    </Module>
    <Module skippedDueTo="Filter" hash="B6-07-29-E9-E1-61-EB-71-79-42-20-83-C9-1B-56-6E-55-97-81-B6">
      <ModulePath>C:\Program Files\dotnet\shared\Microsoft.NETCore.App\3.1.4\System.Linq.dll</ModulePath>
      <ModuleTime>2020-04-21T23:56:04Z</ModuleTime>
      <ModuleName>System.Linq</ModuleName>
      <Classes />
    </Module>
    <Module skippedDueTo="Filter" hash="D3-44-FD-A7-82-9F-EE-A7-5C-31-8B-09-F2-06-89-5B-6E-14-55-75">
      <ModulePath>C:\Program Files\dotnet\shared\Microsoft.NETCore.App\3.1.4\System.Text.RegularExpressions.dll</ModulePath>
      <ModuleTime>2020-04-21T23:56:12Z</ModuleTime>
      <ModuleName>System.Text.RegularExpressions</ModuleName>
      <Classes />
    </Module>
    <Module skippedDueTo="Filter" hash="B6-5D-0A-88-5D-BE-F7-B3-8D-74-06-BF-BB-38-FB-A8-A6-4C-95-B5">
      <ModulePath>C:\Program Files\dotnet\shared\Microsoft.NETCore.App\3.1.4\System.Collections.dll</ModulePath>
      <ModuleTime>2020-04-21T23:55:32Z</ModuleTime>
      <ModuleName>System.Collections</ModuleName>
      <Classes />
    </Module>
    <Module skippedDueTo="Filter" hash="79-C9-80-44-C6-E5-F0-10-C6-ED-BC-22-D2-9B-D5-25-41-C3-B1-6D">
      <ModulePath>C:\Program Files\dotnet\shared\Microsoft.NETCore.App\3.1.4\System.Memory.dll</ModulePath>
      <ModuleTime>2020-04-21T23:56:06Z</ModuleTime>
      <ModuleName>System.Memory</ModuleName>
      <Classes />
    </Module>
    <Module skippedDueTo="Filter" hash="E1-33-4B-FC-E5-60-16-DB-76-9F-ED-5A-6B-14-AD-00-EC-18-7B-71">
      <ModulePath>C:\Program Files\dotnet\shared\Microsoft.NETCore.App\3.1.4\System.Buffers.dll</ModulePath>
      <ModuleTime>2020-04-21T23:55:58Z</ModuleTime>
      <ModuleName>System.Buffers</ModuleName>
      <Classes />
    </Module>
    <Module skippedDueTo="Filter" hash="DF-15-10-44-81-D4-80-BE-97-C0-60-D5-46-EB-C6-F7-B6-17-83-E6">
      <ModulePath>C:\Program Files\dotnet\shared\Microsoft.NETCore.App\3.1.4\System.IO.FileSystem.dll</ModulePath>
      <ModuleTime>2020-04-21T23:56:06Z</ModuleTime>
      <ModuleName>System.IO.FileSystem</ModuleName>
      <Classes />
    </Module>
    <Module skippedDueTo="Filter" hash="06-1B-67-C8-C4-08-F0-E3-70-BE-43-EF-EC-07-F5-D0-BA-F9-75-E2">
      <ModulePath>C:\Program Files\dotnet\shared\Microsoft.NETCore.App\3.1.4\System.Runtime.InteropServices.dll</ModulePath>
      <ModuleTime>2020-04-21T23:56:04Z</ModuleTime>
      <ModuleName>System.Runtime.InteropServices</ModuleName>
      <Classes />
    </Module>
    <Module skippedDueTo="Filter" hash="D5-EE-94-F3-0C-AC-B2-09-54-D8-3D-01-54-2F-17-39-7E-DA-30-61">
      <ModulePath>C:\Program Files\dotnet\shared\Microsoft.NETCore.App\3.1.4\System.Console.dll</ModulePath>
      <ModuleTime>2020-04-21T23:56:00Z</ModuleTime>
      <ModuleName>System.Console</ModuleName>
      <Classes />
    </Module>
    <Module skippedDueTo="Filter" hash="FA-7C-EA-0B-5C-87-28-0C-50-32-B6-2C-09-69-55-6A-FB-2E-E1-E2">
      <ModulePath>C:\Program Files\dotnet\sdk\3.1.300\Microsoft.Build.dll</ModulePath>
      <ModuleTime>2020-05-01T17:24:18Z</ModuleTime>
      <ModuleName>Microsoft.Build</ModuleName>
      <Classes />
    </Module>
    <Module skippedDueTo="Filter" hash="8B-DE-AB-B9-76-74-41-07-68-B8-BE-20-B1-9C-91-7E-5B-1B-94-73">
      <ModulePath>C:\Program Files\dotnet\shared\Microsoft.NETCore.App\3.1.4\System.Diagnostics.Tracing.dll</ModulePath>
      <ModuleTime>2020-04-21T23:56:02Z</ModuleTime>
      <ModuleName>System.Diagnostics.Tracing</ModuleName>
      <Classes />
    </Module>
    <Module skippedDueTo="Filter" hash="4D-91-8F-35-79-B8-2F-E4-06-94-8B-8D-7E-AE-BE-C4-4C-5C-C4-BF">
      <ModulePath>C:\Program Files\dotnet\shared\Microsoft.NETCore.App\3.1.4\System.Diagnostics.Debug.dll</ModulePath>
      <ModuleTime>2020-04-21T23:56:00Z</ModuleTime>
      <ModuleName>System.Diagnostics.Debug</ModuleName>
      <Classes />
    </Module>
    <Module skippedDueTo="Filter" hash="28-8A-D3-01-28-A0-20-98-C8-B1-94-75-84-EC-B3-C8-79-C1-CC-9C">
      <ModulePath>C:\Program Files\dotnet\shared\Microsoft.NETCore.App\3.1.4\System.Security.Principal.Windows.dll</ModulePath>
      <ModuleTime>2020-04-21T23:56:08Z</ModuleTime>
      <ModuleName>System.Security.Principal.Windows</ModuleName>
      <Classes />
    </Module>
    <Module skippedDueTo="Filter" hash="63-7D-50-10-9C-D2-20-FE-10-64-BD-80-C4-7F-D1-48-86-BA-EA-57">
      <ModulePath>C:\Program Files\dotnet\shared\Microsoft.NETCore.App\3.1.4\System.Security.Claims.dll</ModulePath>
      <ModuleTime>2020-04-21T23:55:34Z</ModuleTime>
      <ModuleName>System.Security.Claims</ModuleName>
      <Classes />
    </Module>
    <Module skippedDueTo="Filter" hash="1A-CA-31-FA-BB-45-86-55-11-2B-33-54-9F-AB-90-43-3A-62-FE-9B">
      <ModulePath>C:\Program Files\dotnet\shared\Microsoft.NETCore.App\3.1.4\System.Text.Encoding.CodePages.dll</ModulePath>
      <ModuleTime>2020-04-21T23:56:14Z</ModuleTime>
      <ModuleName>System.Text.Encoding.CodePages</ModuleName>
      <Classes />
    </Module>
    <Module skippedDueTo="Filter" hash="B8-B1-55-03-33-82-79-09-6B-38-EB-0C-AA-08-B1-46-9B-42-43-34">
      <ModulePath>C:\Program Files\dotnet\shared\Microsoft.NETCore.App\3.1.4\System.Security.Principal.dll</ModulePath>
      <ModuleTime>2020-04-21T23:56:08Z</ModuleTime>
      <ModuleName>System.Security.Principal</ModuleName>
      <Classes />
    </Module>
    <Module skippedDueTo="Filter" hash="8D-E5-C3-F3-2B-39-FA-80-13-D6-BC-DC-1E-20-16-2D-C0-7E-BA-FD">
      <ModulePath>C:\Program Files\dotnet\shared\Microsoft.NETCore.App\3.1.4\System.Collections.Concurrent.dll</ModulePath>
      <ModuleTime>2020-04-21T23:55:58Z</ModuleTime>
      <ModuleName>System.Collections.Concurrent</ModuleName>
      <Classes />
    </Module>
    <Module skippedDueTo="Filter" hash="98-F0-22-8A-D5-51-16-72-A6-F3-52-BC-8A-62-97-2C-8F-45-AE-91">
      <ModulePath>C:\Program Files\dotnet\shared\Microsoft.NETCore.App\3.1.4\System.Runtime.Loader.dll</ModulePath>
      <ModuleTime>2020-04-21T23:56:02Z</ModuleTime>
      <ModuleName>System.Runtime.Loader</ModuleName>
      <Classes />
    </Module>
    <Module skippedDueTo="Filter" hash="6A-8B-2C-F1-FE-C1-B9-5F-CB-60-CE-EB-86-94-CE-03-7B-7F-CD-FB">
      <ModulePath>C:\Program Files\dotnet\sdk\3.1.300\dotnet.dll</ModulePath>
      <ModuleTime>2020-05-01T17:24:16Z</ModuleTime>
      <ModuleName>dotnet</ModuleName>
      <Classes />
    </Module>
    <Module skippedDueTo="Filter" hash="B5-0D-63-BD-50-6A-BB-63-AC-EB-26-8B-A8-DA-70-DF-18-7E-E6-0F">
      <ModulePath>C:\Program Files\dotnet\shared\Microsoft.NETCore.App\3.1.4\System.Collections.Immutable.dll</ModulePath>
      <ModuleTime>2020-04-21T23:55:34Z</ModuleTime>
      <ModuleName>System.Collections.Immutable</ModuleName>
      <Classes />
    </Module>
    <Module skippedDueTo="Filter" hash="4C-A3-E0-7A-11-F4-B7-08-0F-2C-52-AC-F1-B8-B0-81-16-6C-D5-DC">
      <ModulePath>C:\Program Files\dotnet\sdk\3.1.300\Microsoft.DotNet.Configurer.dll</ModulePath>
      <ModuleTime>2020-05-01T17:24:18Z</ModuleTime>
      <ModuleName>Microsoft.DotNet.Configurer</ModuleName>
      <Classes />
    </Module>
    <Module skippedDueTo="Filter" hash="E3-9F-2D-C9-C1-A7-97-0C-22-81-8F-FC-78-89-F3-79-2F-51-D8-8B">
      <ModulePath>C:\Program Files\dotnet\sdk\3.1.300\Microsoft.DotNet.InternalAbstractions.dll</ModulePath>
      <ModuleTime>2020-05-01T17:24:20Z</ModuleTime>
      <ModuleName>Microsoft.DotNet.InternalAbstractions</ModuleName>
      <Classes />
    </Module>
    <Module skippedDueTo="Filter" hash="47-08-A7-0E-AE-00-D2-9B-28-B9-16-1F-BD-8B-B8-60-94-37-B7-FE">
      <ModulePath>C:\Program Files\dotnet\sdk\3.1.300\Microsoft.DotNet.Cli.Utils.dll</ModulePath>
      <ModuleTime>2020-05-01T17:24:20Z</ModuleTime>
      <ModuleName>Microsoft.DotNet.Cli.Utils</ModuleName>
      <Classes />
    </Module>
    <Module skippedDueTo="Filter" hash="8E-79-F6-5C-6C-3B-8B-3B-EB-BE-2F-75-89-94-15-94-9A-E5-90-66">
      <ModulePath>C:\Program Files\dotnet\shared\Microsoft.NETCore.App\3.1.4\System.Text.Encoding.Extensions.dll</ModulePath>
      <ModuleTime>2020-04-21T23:56:10Z</ModuleTime>
      <ModuleName>System.Text.Encoding.Extensions</ModuleName>
      <Classes />
    </Module>
    <Module skippedDueTo="Filter" hash="FA-3D-8F-81-C8-32-4D-A7-E7-C3-20-17-89-4F-AF-72-35-21-35-A7">
      <ModulePath>C:\Program Files\dotnet\sdk\3.1.300\Microsoft.ApplicationInsights.dll</ModulePath>
      <ModuleTime>2020-05-01T17:24:20Z</ModuleTime>
      <ModuleName>Microsoft.ApplicationInsights</ModuleName>
      <Classes />
    </Module>
    <Module skippedDueTo="Filter" hash="5C-34-A7-88-E5-3A-6C-8B-5C-54-84-54-51-B1-17-45-22-46-F7-0E">
      <ModulePath>C:\Program Files\dotnet\sdk\3.1.300\Microsoft.DotNet.PlatformAbstractions.dll</ModulePath>
      <ModuleTime>2020-05-01T17:24:22Z</ModuleTime>
      <ModuleName>Microsoft.DotNet.PlatformAbstractions</ModuleName>
      <Classes />
    </Module>
    <Module skippedDueTo="Filter" hash="7B-CD-89-00-7B-BF-0D-A2-E2-D0-AD-EC-48-AD-6A-8F-37-A4-0C-49">
      <ModulePath>C:\Program Files\dotnet\shared\Microsoft.NETCore.App\3.1.4\System.Runtime.CompilerServices.Unsafe.dll</ModulePath>
      <ModuleTime>2020-04-21T23:56:00Z</ModuleTime>
      <ModuleName>System.Runtime.CompilerServices.Unsafe</ModuleName>
      <Classes />
    </Module>
    <Module skippedDueTo="Filter" hash="F1-6E-7D-51-78-2A-87-33-DA-8E-46-8E-BF-07-D4-1E-2B-9E-D9-E4">
      <ModulePath>C:\Program Files\dotnet\shared\Microsoft.NETCore.App\3.1.4\System.Private.Uri.dll</ModulePath>
      <ModuleTime>2020-04-21T23:55:58Z</ModuleTime>
      <ModuleName>System.Private.Uri</ModuleName>
      <Classes />
    </Module>
    <Module skippedDueTo="Filter" hash="83-A9-75-64-DA-96-A8-7F-94-2E-6C-1B-EC-53-60-93-24-3A-3E-B7">
      <ModulePath>C:\Program Files\dotnet\shared\Microsoft.NETCore.App\3.1.4\System.Reflection.Extensions.dll</ModulePath>
      <ModuleTime>2020-04-21T23:55:54Z</ModuleTime>
      <ModuleName>System.Reflection.Extensions</ModuleName>
      <Classes />
    </Module>
    <Module skippedDueTo="Filter" hash="34-B9-FC-4C-9A-A9-7E-A4-81-93-7D-CD-24-72-5A-89-B6-86-C5-D3">
      <ModulePath>C:\Program Files\dotnet\shared\Microsoft.NETCore.App\3.1.4\System.Reflection.dll</ModulePath>
      <ModuleTime>2020-04-21T23:55:32Z</ModuleTime>
      <ModuleName>System.Reflection</ModuleName>
      <Classes />
    </Module>
    <Module skippedDueTo="Filter" hash="2F-5C-2D-17-55-1C-CB-74-35-BE-93-09-C9-48-6D-C1-2A-B6-14-A4">
      <ModulePath>C:\Program Files\dotnet\shared\Microsoft.NETCore.App\3.1.4\System.Xml.XDocument.dll</ModulePath>
      <ModuleTime>2020-04-21T23:55:36Z</ModuleTime>
      <ModuleName>System.Xml.XDocument</ModuleName>
      <Classes />
    </Module>
    <Module skippedDueTo="Filter" hash="78-CB-F6-62-13-F8-D4-ED-2A-EC-83-55-A4-0B-F1-EA-10-BA-AF-97">
      <ModulePath>C:\Program Files\dotnet\shared\Microsoft.NETCore.App\3.1.4\System.Private.Xml.Linq.dll</ModulePath>
      <ModuleTime>2020-04-21T23:55:58Z</ModuleTime>
      <ModuleName>System.Private.Xml.Linq</ModuleName>
      <Classes />
    </Module>
    <Module skippedDueTo="Filter" hash="9D-04-1C-5F-D0-87-34-C7-1C-8D-05-7F-AB-D0-26-40-65-2D-DA-68">
      <ModulePath>C:\Program Files\dotnet\shared\Microsoft.NETCore.App\3.1.4\System.Threading.Thread.dll</ModulePath>
      <ModuleTime>2020-04-21T23:56:14Z</ModuleTime>
      <ModuleName>System.Threading.Thread</ModuleName>
      <Classes />
    </Module>
    <Module skippedDueTo="Filter" hash="D8-DE-57-18-7D-51-C2-48-2C-E3-4A-31-87-3D-0E-D3-B8-86-8B-8A">
      <ModulePath>C:\Program Files\dotnet\shared\Microsoft.NETCore.App\3.1.4\Microsoft.Win32.Primitives.dll</ModulePath>
      <ModuleTime>2020-04-21T23:55:58Z</ModuleTime>
      <ModuleName>Microsoft.Win32.Primitives</ModuleName>
      <Classes />
    </Module>
    <Module skippedDueTo="Filter" hash="74-6B-8E-15-3C-E4-B7-D6-2B-AF-A6-93-B7-F9-80-02-63-1D-11-EF">
      <ModulePath>C:\Program Files\dotnet\shared\Microsoft.NETCore.App\3.1.4\System.Private.Xml.dll</ModulePath>
      <ModuleTime>2020-04-21T23:55:56Z</ModuleTime>
      <ModuleName>System.Private.Xml</ModuleName>
      <Classes />
    </Module>
    <Module skippedDueTo="Filter" hash="44-92-4C-5C-27-38-E8-27-D3-18-54-9B-C1-AE-20-D6-DE-D0-38-25">
      <ModulePath>C:\Program Files\dotnet\shared\Microsoft.NETCore.App\3.1.4\System.Xml.ReaderWriter.dll</ModulePath>
      <ModuleTime>2020-04-21T23:55:32Z</ModuleTime>
      <ModuleName>System.Xml.ReaderWriter</ModuleName>
      <Classes />
    </Module>
    <Module skippedDueTo="Filter" hash="E9-2D-04-CC-7F-8B-8E-69-55-B9-A6-94-2C-8F-30-6E-19-CF-F7-73">
      <ModulePath>C:\Program Files\dotnet\shared\Microsoft.NETCore.App\3.1.4\System.Globalization.dll</ModulePath>
      <ModuleTime>2020-04-21T23:56:06Z</ModuleTime>
      <ModuleName>System.Globalization</ModuleName>
      <Classes />
    </Module>
    <Module skippedDueTo="Filter" hash="B7-85-2F-9D-B8-87-BB-05-C1-B5-9E-D9-8D-2A-B8-3E-1D-5C-CA-8B">
      <ModulePath>C:\Program Files\dotnet\shared\Microsoft.NETCore.App\3.1.4\System.Collections.NonGeneric.dll</ModulePath>
      <ModuleTime>2020-04-21T23:55:34Z</ModuleTime>
      <ModuleName>System.Collections.NonGeneric</ModuleName>
      <Classes />
    </Module>
    <Module skippedDueTo="Filter" hash="80-57-50-C0-46-C7-FB-07-A0-B7-EC-16-FC-BB-D5-1D-BE-30-D8-5B">
      <ModulePath>C:\Program Files\dotnet\shared\Microsoft.NETCore.App\3.1.4\System.Resources.ResourceManager.dll</ModulePath>
      <ModuleTime>2020-04-21T23:56:00Z</ModuleTime>
      <ModuleName>System.Resources.ResourceManager</ModuleName>
      <Classes />
    </Module>
    <Module skippedDueTo="Filter" hash="03-0A-81-76-B1-5F-9C-D1-FD-05-04-97-9E-03-39-1B-0D-76-60-B3">
      <ModulePath>C:\Program Files\dotnet\shared\Microsoft.NETCore.App\3.1.4\System.Threading.Tasks.Dataflow.dll</ModulePath>
      <ModuleTime>2020-04-21T23:56:16Z</ModuleTime>
      <ModuleName>System.Threading.Tasks.Dataflow</ModuleName>
      <Classes />
    </Module>
    <Module skippedDueTo="Filter" hash="AE-0A-7A-8F-17-C2-CC-61-DC-04-2B-DA-3E-24-FB-AD-46-95-76-1F">
      <ModulePath>C:\Program Files\dotnet\shared\Microsoft.NETCore.App\3.1.4\System.Security.Cryptography.Algorithms.dll</ModulePath>
      <ModuleTime>2020-04-21T23:56:04Z</ModuleTime>
      <ModuleName>System.Security.Cryptography.Algorithms</ModuleName>
      <Classes />
    </Module>
    <Module skippedDueTo="Filter" hash="5F-BC-E7-B4-8A-9B-20-2F-68-13-5E-EC-C4-41-5D-BD-D1-F1-80-AD">
      <ModulePath>C:\Program Files\dotnet\shared\Microsoft.NETCore.App\3.1.4\System.Security.Cryptography.Primitives.dll</ModulePath>
      <ModuleTime>2020-04-21T23:55:32Z</ModuleTime>
      <ModuleName>System.Security.Cryptography.Primitives</ModuleName>
      <Classes />
    </Module>
    <Module skippedDueTo="Filter" hash="61-53-1F-AD-5B-0A-07-EB-0B-45-EF-CD-02-F9-C2-0D-29-65-EB-19">
      <ModulePath>C:\Program Files\dotnet\shared\Microsoft.NETCore.App\3.1.4\Microsoft.Win32.Registry.dll</ModulePath>
      <ModuleTime>2020-04-21T23:55:58Z</ModuleTime>
      <ModuleName>Microsoft.Win32.Registry</ModuleName>
      <Classes />
    </Module>
    <Module skippedDueTo="Filter" hash="02-6F-57-25-C7-85-45-42-51-6A-21-FB-44-EA-7E-3A-7D-52-CE-AB">
      <ModulePath>C:\Program Files\dotnet\shared\Microsoft.NETCore.App\3.1.4\System.Threading.ThreadPool.dll</ModulePath>
      <ModuleTime>2020-04-21T23:55:32Z</ModuleTime>
      <ModuleName>System.Threading.ThreadPool</ModuleName>
      <Classes />
    </Module>
    <Module skippedDueTo="Filter" hash="16-43-27-F0-3F-AF-7E-3F-76-0C-B7-B3-6A-26-C4-3F-C0-12-3F-5C">
      <ModulePath>C:\Program Files\dotnet\shared\Microsoft.NETCore.App\3.1.4\System.ObjectModel.dll</ModulePath>
      <ModuleTime>2020-04-21T23:55:32Z</ModuleTime>
      <ModuleName>System.ObjectModel</ModuleName>
      <Classes />
    </Module>
    <Module skippedDueTo="Filter" hash="E7-6B-50-1F-7F-A8-44-14-79-31-AA-E4-72-C3-40-85-41-00-7B-17">
      <ModulePath>C:\Program Files\dotnet\shared\Microsoft.NETCore.App\3.1.4\System.Reflection.Emit.ILGeneration.dll</ModulePath>
      <ModuleTime>2020-04-21T23:55:54Z</ModuleTime>
      <ModuleName>System.Reflection.Emit.ILGeneration</ModuleName>
      <Classes />
    </Module>
    <Module skippedDueTo="Filter" hash="6D-6F-78-C5-41-B6-C4-39-30-D4-35-45-4A-2E-8E-81-AD-32-53-67">
      <ModulePath>C:\Program Files\dotnet\shared\Microsoft.NETCore.App\3.1.4\System.Reflection.Emit.Lightweight.dll</ModulePath>
      <ModuleTime>2020-04-21T23:55:56Z</ModuleTime>
      <ModuleName>System.Reflection.Emit.Lightweight</ModuleName>
      <Classes />
    </Module>
    <Module skippedDueTo="Filter" hash="41-3C-90-48-74-E4-91-20-0F-54-D6-5E-74-13-34-47-2C-8B-62-40">
      <ModulePath>C:\Program Files\dotnet\shared\Microsoft.NETCore.App\3.1.4\System.Reflection.Primitives.dll</ModulePath>
      <ModuleTime>2020-04-21T23:55:32Z</ModuleTime>
      <ModuleName>System.Reflection.Primitives</ModuleName>
      <Classes />
    </Module>
    <Module skippedDueTo="Filter" hash="47-7C-65-24-30-22-CB-66-F6-C3-1B-2A-94-B5-36-74-73-B7-F5-72">
      <ModulePath>C:\Program Files\dotnet\shared\Microsoft.NETCore.App\3.1.4\System.Security.Cryptography.Encoding.dll</ModulePath>
      <ModuleTime>2020-04-21T23:56:08Z</ModuleTime>
      <ModuleName>System.Security.Cryptography.Encoding</ModuleName>
      <Classes />
    </Module>
    <Module skippedDueTo="Filter" hash="88-38-68-37-CB-9D-B2-56-22-C3-95-12-A0-0D-FB-C6-31-A0-BE-D9">
      <ModulePath>C:\Program Files\dotnet\shared\Microsoft.NETCore.App\3.1.4\System.Diagnostics.TraceSource.dll</ModulePath>
      <ModuleTime>2020-04-21T23:56:02Z</ModuleTime>
      <ModuleName>System.Diagnostics.TraceSource</ModuleName>
      <Classes />
    </Module>
    <Module skippedDueTo="Filter" hash="94-0D-CD-8F-D0-B2-E1-A7-A8-F8-58-0B-83-42-48-75-AE-1C-40-25">
      <ModulePath>C:\Program Files\dotnet\shared\Microsoft.NETCore.App\3.1.4\System.Threading.Tasks.Parallel.dll</ModulePath>
      <ModuleTime>2020-04-21T23:56:12Z</ModuleTime>
      <ModuleName>System.Threading.Tasks.Parallel</ModuleName>
      <Classes />
    </Module>
    <Module skippedDueTo="Filter" hash="63-49-E7-AE-9D-74-3A-F6-64-92-C6-69-FB-B8-DC-02-A5-3F-E1-C1">
      <ModulePath>C:\Program Files\dotnet\sdk\3.1.300\Microsoft.Build.Tasks.Core.dll</ModulePath>
      <ModuleTime>2020-05-01T17:24:20Z</ModuleTime>
      <ModuleName>Microsoft.Build.Tasks.Core</ModuleName>
      <Classes />
    </Module>
    <Module skippedDueTo="Filter" hash="4E-8C-32-B4-91-3B-73-EB-68-FE-CA-9B-BE-FB-BA-31-AD-1C-C9-6A">
      <ModulePath>C:\Program Files\dotnet\sdk\3.1.300\Microsoft.Build.Utilities.Core.dll</ModulePath>
      <ModuleTime>2020-05-01T17:24:18Z</ModuleTime>
      <ModuleName>Microsoft.Build.Utilities.Core</ModuleName>
      <Classes />
    </Module>
    <Module skippedDueTo="Filter" hash="6D-AC-31-B5-A0-3D-8D-99-C0-75-9C-E5-9D-F5-EF-03-81-07-03-98">
      <ModulePath>C:\Program Files\dotnet\shared\Microsoft.NETCore.App\3.1.4\System.ComponentModel.dll</ModulePath>
      <ModuleTime>2020-04-21T23:55:32Z</ModuleTime>
      <ModuleName>System.ComponentModel</ModuleName>
      <Classes />
    </Module>
    <Module skippedDueTo="Filter" hash="3D-0D-8E-9A-FE-A3-06-61-BF-5C-86-28-21-EA-22-00-7C-61-5E-E4">
      <ModulePath>C:\Program Files\dotnet\sdk\3.1.300\NuGet.Build.Tasks.dll</ModulePath>
      <ModuleTime>2020-05-01T17:24:26Z</ModuleTime>
      <ModuleName>NuGet.Build.Tasks</ModuleName>
      <Classes />
    </Module>
    <Module skippedDueTo="Filter" hash="6D-F2-0B-52-EB-49-8D-83-83-B5-3E-48-8E-A2-C2-7E-5C-E6-74-B1">
      <ModulePath>C:\Program Files\dotnet\sdk\3.1.300\NuGet.Common.dll</ModulePath>
      <ModuleTime>2020-05-01T17:23:58Z</ModuleTime>
      <ModuleName>NuGet.Common</ModuleName>
      <Classes />
    </Module>
    <Module skippedDueTo="Filter" hash="89-72-E5-07-3C-6C-4B-E0-D1-F1-F8-84-8B-94-CE-F5-66-30-89-B3">
      <ModulePath>C:\Program Files\dotnet\sdk\3.1.300\NuGet.Commands.dll</ModulePath>
      <ModuleTime>2020-05-01T17:23:38Z</ModuleTime>
      <ModuleName>NuGet.Commands</ModuleName>
      <Classes />
    </Module>
    <Module skippedDueTo="Filter" hash="85-11-5E-A2-87-36-7D-AB-C7-F6-CD-8C-E7-F7-84-35-4B-03-22-F1">
      <ModulePath>C:\Program Files\dotnet\sdk\3.1.300\NuGet.ProjectModel.dll</ModulePath>
      <ModuleTime>2020-05-01T17:23:58Z</ModuleTime>
      <ModuleName>NuGet.ProjectModel</ModuleName>
      <Classes />
    </Module>
    <Module skippedDueTo="Filter" hash="02-6F-57-25-C7-85-45-42-51-6A-21-FB-44-EA-7E-3A-7D-52-CE-AB">
      <ModulePath>C:\Program Files\dotnet\shared\Microsoft.NETCore.App\3.1.4\System.Threading.ThreadPool.dll</ModulePath>
      <ModuleTime>2020-04-21T23:55:32Z</ModuleTime>
      <ModuleName>System.Threading.ThreadPool</ModuleName>
      <Classes />
    </Module>
    <Module skippedDueTo="Filter" hash="35-03-5B-0D-44-11-B0-0E-85-45-30-B5-DC-59-DA-8C-8A-BB-8D-F5">
      <ModulePath>C:\Program Files\dotnet\shared\Microsoft.NETCore.App\3.1.4\System.IO.Pipes.dll</ModulePath>
      <ModuleTime>2020-04-21T23:56:04Z</ModuleTime>
      <ModuleName>System.IO.Pipes</ModuleName>
      <Classes />
    </Module>
    <Module skippedDueTo="Filter" hash="B8-B1-55-03-33-82-79-09-6B-38-EB-0C-AA-08-B1-46-9B-42-43-34">
      <ModulePath>C:\Program Files\dotnet\shared\Microsoft.NETCore.App\3.1.4\System.Security.Principal.dll</ModulePath>
      <ModuleTime>2020-04-21T23:56:08Z</ModuleTime>
      <ModuleName>System.Security.Principal</ModuleName>
      <Classes />
    </Module>
    <Module skippedDueTo="Filter" hash="2A-C4-DB-31-54-92-46-E5-3B-B9-F8-2A-C9-FE-3A-31-07-19-18-74">
      <ModulePath>C:\Program Files\dotnet\sdk\3.1.300\Microsoft.Build.NuGetSdkResolver.dll</ModulePath>
      <ModuleTime>2020-05-01T17:24:22Z</ModuleTime>
      <ModuleName>Microsoft.Build.NuGetSdkResolver</ModuleName>
      <Classes />
    </Module>
    <Module skippedDueTo="Filter" hash="D7-CD-88-C2-0B-AC-44-DF-F7-BA-6B-16-27-57-D9-CB-8C-63-AA-92">
      <ModulePath>C:\Program Files\dotnet\shared\Microsoft.NETCore.App\3.1.4\System.Diagnostics.FileVersionInfo.dll</ModulePath>
      <ModuleTime>2020-04-21T23:56:00Z</ModuleTime>
      <ModuleName>System.Diagnostics.FileVersionInfo</ModuleName>
      <Classes />
    </Module>
    <Module skippedDueTo="Filter" hash="64-4A-8C-06-24-45-5D-64-42-ED-2A-47-61-98-1D-F4-06-76-40-CC">
      <ModulePath>C:\Program Files\dotnet\shared\Microsoft.NETCore.App\3.1.4\System.Private.CoreLib.dll</ModulePath>
      <ModuleTime>2020-04-02T19:14:40Z</ModuleTime>
      <ModuleName>System.Private.CoreLib</ModuleName>
      <Classes />
    </Module>
    <Module skippedDueTo="Filter" hash="3E-DB-4C-12-F3-45-B1-2C-34-5B-25-95-96-93-0B-09-4C-13-32-D6">
      <ModulePath>C:\Program Files\dotnet\sdk\3.1.300\MSBuild.dll</ModulePath>
      <ModuleTime>2020-05-01T17:24:00Z</ModuleTime>
      <ModuleName>MSBuild</ModuleName>
      <Classes />
    </Module>
    <Module skippedDueTo="Filter" hash="61-EA-9C-70-51-6B-66-E6-3B-AF-39-D2-5E-C0-E6-B9-E4-BB-41-39">
      <ModulePath>C:\Program Files\dotnet\shared\Microsoft.NETCore.App\3.1.4\System.Runtime.dll</ModulePath>
      <ModuleTime>2020-04-21T23:56:02Z</ModuleTime>
      <ModuleName>System.Runtime</ModuleName>
      <Classes />
    </Module>
    <Module skippedDueTo="Filter" hash="2C-F8-89-FD-3F-D1-C8-D2-67-4E-70-B5-31-DD-82-D3-F2-F1-99-51">
      <ModulePath>C:\Program Files\dotnet\shared\Microsoft.NETCore.App\3.1.4\System.Runtime.Extensions.dll</ModulePath>
      <ModuleTime>2020-04-21T23:56:00Z</ModuleTime>
      <ModuleName>System.Runtime.Extensions</ModuleName>
      <Classes />
    </Module>
    <Module skippedDueTo="Filter" hash="31-80-2C-7D-2D-48-41-C2-79-D3-CF-48-8C-D8-DA-3F-19-92-36-DB">
      <ModulePath>C:\Program Files\dotnet\shared\Microsoft.NETCore.App\3.1.4\System.Threading.dll</ModulePath>
      <ModuleTime>2020-04-21T23:55:34Z</ModuleTime>
      <ModuleName>System.Threading</ModuleName>
      <Classes />
    </Module>
    <Module skippedDueTo="Filter" hash="B6-DF-C6-EA-2B-15-75-EC-06-DC-07-B6-E5-E4-D7-96-7F-2F-40-9B">
      <ModulePath>C:\Program Files\dotnet\shared\Microsoft.NETCore.App\3.1.4\System.Threading.Tasks.dll</ModulePath>
      <ModuleTime>2020-04-21T23:56:14Z</ModuleTime>
      <ModuleName>System.Threading.Tasks</ModuleName>
      <Classes />
    </Module>
    <Module skippedDueTo="Filter" hash="16-7E-F6-65-75-80-96-2D-E7-0A-7D-F3-33-83-CB-B1-BF-78-3B-FD">
      <ModulePath>C:\Program Files\dotnet\sdk\3.1.300\Microsoft.Build.Framework.dll</ModulePath>
      <ModuleTime>2020-05-01T17:24:18Z</ModuleTime>
      <ModuleName>Microsoft.Build.Framework</ModuleName>
      <Classes />
    </Module>
    <Module skippedDueTo="Filter" hash="9D-AF-BA-9B-52-34-9D-10-1B-02-1A-1F-85-AF-75-95-B5-D1-74-EC">
      <ModulePath>C:\Program Files\dotnet\shared\Microsoft.NETCore.App\3.1.4\netstandard.dll</ModulePath>
      <ModuleTime>2020-04-21T23:55:56Z</ModuleTime>
      <ModuleName>netstandard</ModuleName>
      <Classes />
    </Module>
    <Module skippedDueTo="Filter" hash="98-34-53-11-B2-2A-61-A8-FB-C3-D1-AA-02-30-74-8F-75-1F-45-87">
      <ModulePath>C:\Program Files\dotnet\shared\Microsoft.NETCore.App\3.1.4\System.Runtime.InteropServices.RuntimeInformation.dll</ModulePath>
      <ModuleTime>2020-04-21T23:55:34Z</ModuleTime>
      <ModuleName>System.Runtime.InteropServices.RuntimeInformation</ModuleName>
      <Classes />
    </Module>
    <Module skippedDueTo="Filter" hash="75-FD-4A-EA-88-2D-E5-F0-9D-ED-9F-5D-D0-21-FB-98-5E-2B-21-18">
      <ModulePath>C:\Program Files\dotnet\shared\Microsoft.NETCore.App\3.1.4\System.Diagnostics.Process.dll</ModulePath>
      <ModuleTime>2020-04-21T23:56:00Z</ModuleTime>
      <ModuleName>System.Diagnostics.Process</ModuleName>
      <Classes />
    </Module>
    <Module skippedDueTo="Filter" hash="C2-B6-5F-43-D3-08-2D-22-EA-75-0C-1C-5D-2C-1C-47-26-F0-1E-BC">
      <ModulePath>C:\Program Files\dotnet\shared\Microsoft.NETCore.App\3.1.4\System.ComponentModel.Primitives.dll</ModulePath>
      <ModuleTime>2020-04-21T23:55:56Z</ModuleTime>
      <ModuleName>System.ComponentModel.Primitives</ModuleName>
      <Classes />
    </Module>
    <Module skippedDueTo="Filter" hash="B6-07-29-E9-E1-61-EB-71-79-42-20-83-C9-1B-56-6E-55-97-81-B6">
      <ModulePath>C:\Program Files\dotnet\shared\Microsoft.NETCore.App\3.1.4\System.Linq.dll</ModulePath>
      <ModuleTime>2020-04-21T23:56:04Z</ModuleTime>
      <ModuleName>System.Linq</ModuleName>
      <Classes />
    </Module>
    <Module skippedDueTo="Filter" hash="D3-44-FD-A7-82-9F-EE-A7-5C-31-8B-09-F2-06-89-5B-6E-14-55-75">
      <ModulePath>C:\Program Files\dotnet\shared\Microsoft.NETCore.App\3.1.4\System.Text.RegularExpressions.dll</ModulePath>
      <ModuleTime>2020-04-21T23:56:12Z</ModuleTime>
      <ModuleName>System.Text.RegularExpressions</ModuleName>
      <Classes />
    </Module>
    <Module skippedDueTo="Filter" hash="B6-5D-0A-88-5D-BE-F7-B3-8D-74-06-BF-BB-38-FB-A8-A6-4C-95-B5">
      <ModulePath>C:\Program Files\dotnet\shared\Microsoft.NETCore.App\3.1.4\System.Collections.dll</ModulePath>
      <ModuleTime>2020-04-21T23:55:32Z</ModuleTime>
      <ModuleName>System.Collections</ModuleName>
      <Classes />
    </Module>
    <Module skippedDueTo="Filter" hash="79-C9-80-44-C6-E5-F0-10-C6-ED-BC-22-D2-9B-D5-25-41-C3-B1-6D">
      <ModulePath>C:\Program Files\dotnet\shared\Microsoft.NETCore.App\3.1.4\System.Memory.dll</ModulePath>
      <ModuleTime>2020-04-21T23:56:06Z</ModuleTime>
      <ModuleName>System.Memory</ModuleName>
      <Classes />
    </Module>
    <Module skippedDueTo="Filter" hash="E1-33-4B-FC-E5-60-16-DB-76-9F-ED-5A-6B-14-AD-00-EC-18-7B-71">
      <ModulePath>C:\Program Files\dotnet\shared\Microsoft.NETCore.App\3.1.4\System.Buffers.dll</ModulePath>
      <ModuleTime>2020-04-21T23:55:58Z</ModuleTime>
      <ModuleName>System.Buffers</ModuleName>
      <Classes />
    </Module>
    <Module skippedDueTo="Filter" hash="DF-15-10-44-81-D4-80-BE-97-C0-60-D5-46-EB-C6-F7-B6-17-83-E6">
      <ModulePath>C:\Program Files\dotnet\shared\Microsoft.NETCore.App\3.1.4\System.IO.FileSystem.dll</ModulePath>
      <ModuleTime>2020-04-21T23:56:06Z</ModuleTime>
      <ModuleName>System.IO.FileSystem</ModuleName>
      <Classes />
    </Module>
    <Module skippedDueTo="Filter" hash="06-1B-67-C8-C4-08-F0-E3-70-BE-43-EF-EC-07-F5-D0-BA-F9-75-E2">
      <ModulePath>C:\Program Files\dotnet\shared\Microsoft.NETCore.App\3.1.4\System.Runtime.InteropServices.dll</ModulePath>
      <ModuleTime>2020-04-21T23:56:04Z</ModuleTime>
      <ModuleName>System.Runtime.InteropServices</ModuleName>
      <Classes />
    </Module>
    <Module skippedDueTo="Filter" hash="D5-EE-94-F3-0C-AC-B2-09-54-D8-3D-01-54-2F-17-39-7E-DA-30-61">
      <ModulePath>C:\Program Files\dotnet\shared\Microsoft.NETCore.App\3.1.4\System.Console.dll</ModulePath>
      <ModuleTime>2020-04-21T23:56:00Z</ModuleTime>
      <ModuleName>System.Console</ModuleName>
      <Classes />
    </Module>
    <Module skippedDueTo="Filter" hash="FA-7C-EA-0B-5C-87-28-0C-50-32-B6-2C-09-69-55-6A-FB-2E-E1-E2">
      <ModulePath>C:\Program Files\dotnet\sdk\3.1.300\Microsoft.Build.dll</ModulePath>
      <ModuleTime>2020-05-01T17:24:18Z</ModuleTime>
      <ModuleName>Microsoft.Build</ModuleName>
      <Classes />
    </Module>
    <Module skippedDueTo="Filter" hash="8B-DE-AB-B9-76-74-41-07-68-B8-BE-20-B1-9C-91-7E-5B-1B-94-73">
      <ModulePath>C:\Program Files\dotnet\shared\Microsoft.NETCore.App\3.1.4\System.Diagnostics.Tracing.dll</ModulePath>
      <ModuleTime>2020-04-21T23:56:02Z</ModuleTime>
      <ModuleName>System.Diagnostics.Tracing</ModuleName>
      <Classes />
    </Module>
    <Module skippedDueTo="Filter" hash="4D-91-8F-35-79-B8-2F-E4-06-94-8B-8D-7E-AE-BE-C4-4C-5C-C4-BF">
      <ModulePath>C:\Program Files\dotnet\shared\Microsoft.NETCore.App\3.1.4\System.Diagnostics.Debug.dll</ModulePath>
      <ModuleTime>2020-04-21T23:56:00Z</ModuleTime>
      <ModuleName>System.Diagnostics.Debug</ModuleName>
      <Classes />
    </Module>
    <Module skippedDueTo="Filter" hash="1A-CA-31-FA-BB-45-86-55-11-2B-33-54-9F-AB-90-43-3A-62-FE-9B">
      <ModulePath>C:\Program Files\dotnet\shared\Microsoft.NETCore.App\3.1.4\System.Text.Encoding.CodePages.dll</ModulePath>
      <ModuleTime>2020-04-21T23:56:14Z</ModuleTime>
      <ModuleName>System.Text.Encoding.CodePages</ModuleName>
      <Classes />
    </Module>
    <Module skippedDueTo="Filter" hash="8D-E5-C3-F3-2B-39-FA-80-13-D6-BC-DC-1E-20-16-2D-C0-7E-BA-FD">
      <ModulePath>C:\Program Files\dotnet\shared\Microsoft.NETCore.App\3.1.4\System.Collections.Concurrent.dll</ModulePath>
      <ModuleTime>2020-04-21T23:55:58Z</ModuleTime>
      <ModuleName>System.Collections.Concurrent</ModuleName>
      <Classes />
    </Module>
    <Module skippedDueTo="Filter" hash="35-03-5B-0D-44-11-B0-0E-85-45-30-B5-DC-59-DA-8C-8A-BB-8D-F5">
      <ModulePath>C:\Program Files\dotnet\shared\Microsoft.NETCore.App\3.1.4\System.IO.Pipes.dll</ModulePath>
      <ModuleTime>2020-04-21T23:56:04Z</ModuleTime>
      <ModuleName>System.IO.Pipes</ModuleName>
      <Classes />
    </Module>
    <Module skippedDueTo="Filter" hash="8E-79-F6-5C-6C-3B-8B-3B-EB-BE-2F-75-89-94-15-94-9A-E5-90-66">
      <ModulePath>C:\Program Files\dotnet\shared\Microsoft.NETCore.App\3.1.4\System.Text.Encoding.Extensions.dll</ModulePath>
      <ModuleTime>2020-04-21T23:56:10Z</ModuleTime>
      <ModuleName>System.Text.Encoding.Extensions</ModuleName>
      <Classes />
    </Module>
    <Module skippedDueTo="Filter" hash="15-66-4F-63-B9-89-84-85-51-9C-DE-64-A7-40-F8-7C-DA-C1-56-A6">
      <ModulePath>C:\Program Files\dotnet\shared\Microsoft.NETCore.App\3.1.4\System.Security.AccessControl.dll</ModulePath>
      <ModuleTime>2020-04-21T23:56:06Z</ModuleTime>
      <ModuleName>System.Security.AccessControl</ModuleName>
      <Classes />
    </Module>
    <Module skippedDueTo="Filter" hash="28-8A-D3-01-28-A0-20-98-C8-B1-94-75-84-EC-B3-C8-79-C1-CC-9C">
      <ModulePath>C:\Program Files\dotnet\shared\Microsoft.NETCore.App\3.1.4\System.Security.Principal.Windows.dll</ModulePath>
      <ModuleTime>2020-04-21T23:56:08Z</ModuleTime>
      <ModuleName>System.Security.Principal.Windows</ModuleName>
      <Classes />
    </Module>
    <Module skippedDueTo="Filter" hash="63-7D-50-10-9C-D2-20-FE-10-64-BD-80-C4-7F-D1-48-86-BA-EA-57">
      <ModulePath>C:\Program Files\dotnet\shared\Microsoft.NETCore.App\3.1.4\System.Security.Claims.dll</ModulePath>
      <ModuleTime>2020-04-21T23:55:34Z</ModuleTime>
      <ModuleName>System.Security.Claims</ModuleName>
      <Classes />
    </Module>
    <Module skippedDueTo="Filter" hash="B8-B1-55-03-33-82-79-09-6B-38-EB-0C-AA-08-B1-46-9B-42-43-34">
      <ModulePath>C:\Program Files\dotnet\shared\Microsoft.NETCore.App\3.1.4\System.Security.Principal.dll</ModulePath>
      <ModuleTime>2020-04-21T23:56:08Z</ModuleTime>
      <ModuleName>System.Security.Principal</ModuleName>
      <Classes />
    </Module>
    <Module skippedDueTo="Filter" hash="30-6E-59-27-4A-E9-FD-57-5B-41-1D-E8-9B-8E-77-FB-E6-A7-AB-0D">
      <ModulePath>C:\Program Files\dotnet\shared\Microsoft.NETCore.App\3.1.4\System.Threading.Overlapped.dll</ModulePath>
      <ModuleTime>2020-04-21T23:56:14Z</ModuleTime>
      <ModuleName>System.Threading.Overlapped</ModuleName>
      <Classes />
    </Module>
    <Module skippedDueTo="Filter" hash="9D-04-1C-5F-D0-87-34-C7-1C-8D-05-7F-AB-D0-26-40-65-2D-DA-68">
      <ModulePath>C:\Program Files\dotnet\shared\Microsoft.NETCore.App\3.1.4\System.Threading.Thread.dll</ModulePath>
      <ModuleTime>2020-04-21T23:56:14Z</ModuleTime>
      <ModuleName>System.Threading.Thread</ModuleName>
      <Classes />
    </Module>
    <Module skippedDueTo="Filter" hash="30-6E-59-27-4A-E9-FD-57-5B-41-1D-E8-9B-8E-77-FB-E6-A7-AB-0D">
      <ModulePath>C:\Program Files\dotnet\shared\Microsoft.NETCore.App\3.1.4\System.Threading.Overlapped.dll</ModulePath>
      <ModuleTime>2020-04-21T23:56:14Z</ModuleTime>
      <ModuleName>System.Threading.Overlapped</ModuleName>
      <Classes />
    </Module>
    <Module skippedDueTo="Filter" hash="15-66-4F-63-B9-89-84-85-51-9C-DE-64-A7-40-F8-7C-DA-C1-56-A6">
      <ModulePath>C:\Program Files\dotnet\shared\Microsoft.NETCore.App\3.1.4\System.Security.AccessControl.dll</ModulePath>
      <ModuleTime>2020-04-21T23:56:06Z</ModuleTime>
      <ModuleName>System.Security.AccessControl</ModuleName>
      <Classes />
    </Module>
    <Module skippedDueTo="Filter" hash="28-8A-D3-01-28-A0-20-98-C8-B1-94-75-84-EC-B3-C8-79-C1-CC-9C">
      <ModulePath>C:\Program Files\dotnet\shared\Microsoft.NETCore.App\3.1.4\System.Security.Principal.Windows.dll</ModulePath>
      <ModuleTime>2020-04-21T23:56:08Z</ModuleTime>
      <ModuleName>System.Security.Principal.Windows</ModuleName>
      <Classes />
    </Module>
    <Module skippedDueTo="Filter" hash="63-7D-50-10-9C-D2-20-FE-10-64-BD-80-C4-7F-D1-48-86-BA-EA-57">
      <ModulePath>C:\Program Files\dotnet\shared\Microsoft.NETCore.App\3.1.4\System.Security.Claims.dll</ModulePath>
      <ModuleTime>2020-04-21T23:55:34Z</ModuleTime>
      <ModuleName>System.Security.Claims</ModuleName>
      <Classes />
    </Module>
    <Module skippedDueTo="Filter" hash="16-43-27-F0-3F-AF-7E-3F-76-0C-B7-B3-6A-26-C4-3F-C0-12-3F-5C">
      <ModulePath>C:\Program Files\dotnet\shared\Microsoft.NETCore.App\3.1.4\System.ObjectModel.dll</ModulePath>
      <ModuleTime>2020-04-21T23:55:32Z</ModuleTime>
      <ModuleName>System.ObjectModel</ModuleName>
      <Classes />
    </Module>
    <Module skippedDueTo="Filter" hash="64-4A-8C-06-24-45-5D-64-42-ED-2A-47-61-98-1D-F4-06-76-40-CC">
      <ModulePath>C:\Program Files\dotnet\shared\Microsoft.NETCore.App\3.1.4\System.Private.CoreLib.dll</ModulePath>
      <ModuleTime>2020-04-02T19:14:40Z</ModuleTime>
      <ModuleName>System.Private.CoreLib</ModuleName>
      <Classes />
    </Module>
    <Module skippedDueTo="Filter" hash="03-0A-81-76-B1-5F-9C-D1-FD-05-04-97-9E-03-39-1B-0D-76-60-B3">
      <ModulePath>C:\Program Files\dotnet\shared\Microsoft.NETCore.App\3.1.4\System.Threading.Tasks.Dataflow.dll</ModulePath>
      <ModuleTime>2020-04-21T23:56:16Z</ModuleTime>
      <ModuleName>System.Threading.Tasks.Dataflow</ModuleName>
      <Classes />
    </Module>
    <Module skippedDueTo="Filter" hash="3E-DB-4C-12-F3-45-B1-2C-34-5B-25-95-96-93-0B-09-4C-13-32-D6">
      <ModulePath>C:\Program Files\dotnet\sdk\3.1.300\MSBuild.dll</ModulePath>
      <ModuleTime>2020-05-01T17:24:00Z</ModuleTime>
      <ModuleName>MSBuild</ModuleName>
      <Classes />
    </Module>
    <Module skippedDueTo="Filter" hash="61-EA-9C-70-51-6B-66-E6-3B-AF-39-D2-5E-C0-E6-B9-E4-BB-41-39">
      <ModulePath>C:\Program Files\dotnet\shared\Microsoft.NETCore.App\3.1.4\System.Runtime.dll</ModulePath>
      <ModuleTime>2020-04-21T23:56:02Z</ModuleTime>
      <ModuleName>System.Runtime</ModuleName>
      <Classes />
    </Module>
    <Module skippedDueTo="Filter" hash="98-F0-22-8A-D5-51-16-72-A6-F3-52-BC-8A-62-97-2C-8F-45-AE-91">
      <ModulePath>C:\Program Files\dotnet\shared\Microsoft.NETCore.App\3.1.4\System.Runtime.Loader.dll</ModulePath>
      <ModuleTime>2020-04-21T23:56:02Z</ModuleTime>
      <ModuleName>System.Runtime.Loader</ModuleName>
      <Classes />
    </Module>
    <Module skippedDueTo="Filter" hash="6A-8B-2C-F1-FE-C1-B9-5F-CB-60-CE-EB-86-94-CE-03-7B-7F-CD-FB">
      <ModulePath>C:\Program Files\dotnet\sdk\3.1.300\dotnet.dll</ModulePath>
      <ModuleTime>2020-05-01T17:24:16Z</ModuleTime>
      <ModuleName>dotnet</ModuleName>
      <Classes />
    </Module>
    <Module skippedDueTo="Filter" hash="B5-0D-63-BD-50-6A-BB-63-AC-EB-26-8B-A8-DA-70-DF-18-7E-E6-0F">
      <ModulePath>C:\Program Files\dotnet\shared\Microsoft.NETCore.App\3.1.4\System.Collections.Immutable.dll</ModulePath>
      <ModuleTime>2020-04-21T23:55:34Z</ModuleTime>
      <ModuleName>System.Collections.Immutable</ModuleName>
      <Classes />
    </Module>
    <Module skippedDueTo="Filter" hash="2C-F8-89-FD-3F-D1-C8-D2-67-4E-70-B5-31-DD-82-D3-F2-F1-99-51">
      <ModulePath>C:\Program Files\dotnet\shared\Microsoft.NETCore.App\3.1.4\System.Runtime.Extensions.dll</ModulePath>
      <ModuleTime>2020-04-21T23:56:00Z</ModuleTime>
      <ModuleName>System.Runtime.Extensions</ModuleName>
      <Classes />
    </Module>
    <Module skippedDueTo="Filter" hash="31-80-2C-7D-2D-48-41-C2-79-D3-CF-48-8C-D8-DA-3F-19-92-36-DB">
      <ModulePath>C:\Program Files\dotnet\shared\Microsoft.NETCore.App\3.1.4\System.Threading.dll</ModulePath>
      <ModuleTime>2020-04-21T23:55:34Z</ModuleTime>
      <ModuleName>System.Threading</ModuleName>
      <Classes />
    </Module>
    <Module skippedDueTo="Filter" hash="B6-DF-C6-EA-2B-15-75-EC-06-DC-07-B6-E5-E4-D7-96-7F-2F-40-9B">
      <ModulePath>C:\Program Files\dotnet\shared\Microsoft.NETCore.App\3.1.4\System.Threading.Tasks.dll</ModulePath>
      <ModuleTime>2020-04-21T23:56:14Z</ModuleTime>
      <ModuleName>System.Threading.Tasks</ModuleName>
      <Classes />
    </Module>
    <Module skippedDueTo="Filter" hash="16-7E-F6-65-75-80-96-2D-E7-0A-7D-F3-33-83-CB-B1-BF-78-3B-FD">
      <ModulePath>C:\Program Files\dotnet\sdk\3.1.300\Microsoft.Build.Framework.dll</ModulePath>
      <ModuleTime>2020-05-01T17:24:18Z</ModuleTime>
      <ModuleName>Microsoft.Build.Framework</ModuleName>
      <Classes />
    </Module>
    <Module skippedDueTo="Filter" hash="9D-AF-BA-9B-52-34-9D-10-1B-02-1A-1F-85-AF-75-95-B5-D1-74-EC">
      <ModulePath>C:\Program Files\dotnet\shared\Microsoft.NETCore.App\3.1.4\netstandard.dll</ModulePath>
      <ModuleTime>2020-04-21T23:55:56Z</ModuleTime>
      <ModuleName>netstandard</ModuleName>
      <Classes />
    </Module>
    <Module skippedDueTo="Filter" hash="4C-A3-E0-7A-11-F4-B7-08-0F-2C-52-AC-F1-B8-B0-81-16-6C-D5-DC">
      <ModulePath>C:\Program Files\dotnet\sdk\3.1.300\Microsoft.DotNet.Configurer.dll</ModulePath>
      <ModuleTime>2020-05-01T17:24:18Z</ModuleTime>
      <ModuleName>Microsoft.DotNet.Configurer</ModuleName>
      <Classes />
    </Module>
    <Module skippedDueTo="Filter" hash="80-57-50-C0-46-C7-FB-07-A0-B7-EC-16-FC-BB-D5-1D-BE-30-D8-5B">
      <ModulePath>C:\Program Files\dotnet\shared\Microsoft.NETCore.App\3.1.4\System.Resources.ResourceManager.dll</ModulePath>
      <ModuleTime>2020-04-21T23:56:00Z</ModuleTime>
      <ModuleName>System.Resources.ResourceManager</ModuleName>
      <Classes />
    </Module>
    <Module skippedDueTo="Filter" hash="98-34-53-11-B2-2A-61-A8-FB-C3-D1-AA-02-30-74-8F-75-1F-45-87">
      <ModulePath>C:\Program Files\dotnet\shared\Microsoft.NETCore.App\3.1.4\System.Runtime.InteropServices.RuntimeInformation.dll</ModulePath>
      <ModuleTime>2020-04-21T23:55:34Z</ModuleTime>
      <ModuleName>System.Runtime.InteropServices.RuntimeInformation</ModuleName>
      <Classes />
    </Module>
    <Module skippedDueTo="Filter" hash="75-FD-4A-EA-88-2D-E5-F0-9D-ED-9F-5D-D0-21-FB-98-5E-2B-21-18">
      <ModulePath>C:\Program Files\dotnet\shared\Microsoft.NETCore.App\3.1.4\System.Diagnostics.Process.dll</ModulePath>
      <ModuleTime>2020-04-21T23:56:00Z</ModuleTime>
      <ModuleName>System.Diagnostics.Process</ModuleName>
      <Classes />
    </Module>
    <Module skippedDueTo="Filter" hash="C2-B6-5F-43-D3-08-2D-22-EA-75-0C-1C-5D-2C-1C-47-26-F0-1E-BC">
      <ModulePath>C:\Program Files\dotnet\shared\Microsoft.NETCore.App\3.1.4\System.ComponentModel.Primitives.dll</ModulePath>
      <ModuleTime>2020-04-21T23:55:56Z</ModuleTime>
      <ModuleName>System.ComponentModel.Primitives</ModuleName>
      <Classes />
    </Module>
    <Module skippedDueTo="Filter" hash="B6-07-29-E9-E1-61-EB-71-79-42-20-83-C9-1B-56-6E-55-97-81-B6">
      <ModulePath>C:\Program Files\dotnet\shared\Microsoft.NETCore.App\3.1.4\System.Linq.dll</ModulePath>
      <ModuleTime>2020-04-21T23:56:04Z</ModuleTime>
      <ModuleName>System.Linq</ModuleName>
      <Classes />
    </Module>
    <Module skippedDueTo="Filter" hash="D3-44-FD-A7-82-9F-EE-A7-5C-31-8B-09-F2-06-89-5B-6E-14-55-75">
      <ModulePath>C:\Program Files\dotnet\shared\Microsoft.NETCore.App\3.1.4\System.Text.RegularExpressions.dll</ModulePath>
      <ModuleTime>2020-04-21T23:56:12Z</ModuleTime>
      <ModuleName>System.Text.RegularExpressions</ModuleName>
      <Classes />
    </Module>
    <Module skippedDueTo="Filter" hash="B6-5D-0A-88-5D-BE-F7-B3-8D-74-06-BF-BB-38-FB-A8-A6-4C-95-B5">
      <ModulePath>C:\Program Files\dotnet\shared\Microsoft.NETCore.App\3.1.4\System.Collections.dll</ModulePath>
      <ModuleTime>2020-04-21T23:55:32Z</ModuleTime>
      <ModuleName>System.Collections</ModuleName>
      <Classes />
    </Module>
    <Module skippedDueTo="Filter" hash="79-C9-80-44-C6-E5-F0-10-C6-ED-BC-22-D2-9B-D5-25-41-C3-B1-6D">
      <ModulePath>C:\Program Files\dotnet\shared\Microsoft.NETCore.App\3.1.4\System.Memory.dll</ModulePath>
      <ModuleTime>2020-04-21T23:56:06Z</ModuleTime>
      <ModuleName>System.Memory</ModuleName>
      <Classes />
    </Module>
    <Module skippedDueTo="Filter" hash="E1-33-4B-FC-E5-60-16-DB-76-9F-ED-5A-6B-14-AD-00-EC-18-7B-71">
      <ModulePath>C:\Program Files\dotnet\shared\Microsoft.NETCore.App\3.1.4\System.Buffers.dll</ModulePath>
      <ModuleTime>2020-04-21T23:55:58Z</ModuleTime>
      <ModuleName>System.Buffers</ModuleName>
      <Classes />
    </Module>
    <Module skippedDueTo="Filter" hash="DF-15-10-44-81-D4-80-BE-97-C0-60-D5-46-EB-C6-F7-B6-17-83-E6">
      <ModulePath>C:\Program Files\dotnet\shared\Microsoft.NETCore.App\3.1.4\System.IO.FileSystem.dll</ModulePath>
      <ModuleTime>2020-04-21T23:56:06Z</ModuleTime>
      <ModuleName>System.IO.FileSystem</ModuleName>
      <Classes />
    </Module>
    <Module skippedDueTo="Filter" hash="06-1B-67-C8-C4-08-F0-E3-70-BE-43-EF-EC-07-F5-D0-BA-F9-75-E2">
      <ModulePath>C:\Program Files\dotnet\shared\Microsoft.NETCore.App\3.1.4\System.Runtime.InteropServices.dll</ModulePath>
      <ModuleTime>2020-04-21T23:56:04Z</ModuleTime>
      <ModuleName>System.Runtime.InteropServices</ModuleName>
      <Classes />
    </Module>
    <Module skippedDueTo="Filter" hash="D5-EE-94-F3-0C-AC-B2-09-54-D8-3D-01-54-2F-17-39-7E-DA-30-61">
      <ModulePath>C:\Program Files\dotnet\shared\Microsoft.NETCore.App\3.1.4\System.Console.dll</ModulePath>
      <ModuleTime>2020-04-21T23:56:00Z</ModuleTime>
      <ModuleName>System.Console</ModuleName>
      <Classes />
    </Module>
    <Module skippedDueTo="Filter" hash="FA-7C-EA-0B-5C-87-28-0C-50-32-B6-2C-09-69-55-6A-FB-2E-E1-E2">
      <ModulePath>C:\Program Files\dotnet\sdk\3.1.300\Microsoft.Build.dll</ModulePath>
      <ModuleTime>2020-05-01T17:24:18Z</ModuleTime>
      <ModuleName>Microsoft.Build</ModuleName>
      <Classes />
    </Module>
    <Module skippedDueTo="Filter" hash="8B-DE-AB-B9-76-74-41-07-68-B8-BE-20-B1-9C-91-7E-5B-1B-94-73">
      <ModulePath>C:\Program Files\dotnet\shared\Microsoft.NETCore.App\3.1.4\System.Diagnostics.Tracing.dll</ModulePath>
      <ModuleTime>2020-04-21T23:56:02Z</ModuleTime>
      <ModuleName>System.Diagnostics.Tracing</ModuleName>
      <Classes />
    </Module>
    <Module skippedDueTo="Filter" hash="4D-91-8F-35-79-B8-2F-E4-06-94-8B-8D-7E-AE-BE-C4-4C-5C-C4-BF">
      <ModulePath>C:\Program Files\dotnet\shared\Microsoft.NETCore.App\3.1.4\System.Diagnostics.Debug.dll</ModulePath>
      <ModuleTime>2020-04-21T23:56:00Z</ModuleTime>
      <ModuleName>System.Diagnostics.Debug</ModuleName>
      <Classes />
    </Module>
    <Module skippedDueTo="Filter" hash="1A-CA-31-FA-BB-45-86-55-11-2B-33-54-9F-AB-90-43-3A-62-FE-9B">
      <ModulePath>C:\Program Files\dotnet\shared\Microsoft.NETCore.App\3.1.4\System.Text.Encoding.CodePages.dll</ModulePath>
      <ModuleTime>2020-04-21T23:56:14Z</ModuleTime>
      <ModuleName>System.Text.Encoding.CodePages</ModuleName>
      <Classes />
    </Module>
    <Module skippedDueTo="Filter" hash="8D-E5-C3-F3-2B-39-FA-80-13-D6-BC-DC-1E-20-16-2D-C0-7E-BA-FD">
      <ModulePath>C:\Program Files\dotnet\shared\Microsoft.NETCore.App\3.1.4\System.Collections.Concurrent.dll</ModulePath>
      <ModuleTime>2020-04-21T23:55:58Z</ModuleTime>
      <ModuleName>System.Collections.Concurrent</ModuleName>
      <Classes />
    </Module>
    <Module skippedDueTo="Filter" hash="35-03-5B-0D-44-11-B0-0E-85-45-30-B5-DC-59-DA-8C-8A-BB-8D-F5">
      <ModulePath>C:\Program Files\dotnet\shared\Microsoft.NETCore.App\3.1.4\System.IO.Pipes.dll</ModulePath>
      <ModuleTime>2020-04-21T23:56:04Z</ModuleTime>
      <ModuleName>System.IO.Pipes</ModuleName>
      <Classes />
    </Module>
    <Module skippedDueTo="Filter" hash="8E-79-F6-5C-6C-3B-8B-3B-EB-BE-2F-75-89-94-15-94-9A-E5-90-66">
      <ModulePath>C:\Program Files\dotnet\shared\Microsoft.NETCore.App\3.1.4\System.Text.Encoding.Extensions.dll</ModulePath>
      <ModuleTime>2020-04-21T23:56:10Z</ModuleTime>
      <ModuleName>System.Text.Encoding.Extensions</ModuleName>
      <Classes />
    </Module>
    <Module skippedDueTo="Filter" hash="15-66-4F-63-B9-89-84-85-51-9C-DE-64-A7-40-F8-7C-DA-C1-56-A6">
      <ModulePath>C:\Program Files\dotnet\shared\Microsoft.NETCore.App\3.1.4\System.Security.AccessControl.dll</ModulePath>
      <ModuleTime>2020-04-21T23:56:06Z</ModuleTime>
      <ModuleName>System.Security.AccessControl</ModuleName>
      <Classes />
    </Module>
    <Module skippedDueTo="Filter" hash="28-8A-D3-01-28-A0-20-98-C8-B1-94-75-84-EC-B3-C8-79-C1-CC-9C">
      <ModulePath>C:\Program Files\dotnet\shared\Microsoft.NETCore.App\3.1.4\System.Security.Principal.Windows.dll</ModulePath>
      <ModuleTime>2020-04-21T23:56:08Z</ModuleTime>
      <ModuleName>System.Security.Principal.Windows</ModuleName>
      <Classes />
    </Module>
    <Module skippedDueTo="Filter" hash="63-7D-50-10-9C-D2-20-FE-10-64-BD-80-C4-7F-D1-48-86-BA-EA-57">
      <ModulePath>C:\Program Files\dotnet\shared\Microsoft.NETCore.App\3.1.4\System.Security.Claims.dll</ModulePath>
      <ModuleTime>2020-04-21T23:55:34Z</ModuleTime>
      <ModuleName>System.Security.Claims</ModuleName>
      <Classes />
    </Module>
    <Module skippedDueTo="Filter" hash="B8-B1-55-03-33-82-79-09-6B-38-EB-0C-AA-08-B1-46-9B-42-43-34">
      <ModulePath>C:\Program Files\dotnet\shared\Microsoft.NETCore.App\3.1.4\System.Security.Principal.dll</ModulePath>
      <ModuleTime>2020-04-21T23:56:08Z</ModuleTime>
      <ModuleName>System.Security.Principal</ModuleName>
      <Classes />
    </Module>
    <Module skippedDueTo="Filter" hash="30-6E-59-27-4A-E9-FD-57-5B-41-1D-E8-9B-8E-77-FB-E6-A7-AB-0D">
      <ModulePath>C:\Program Files\dotnet\shared\Microsoft.NETCore.App\3.1.4\System.Threading.Overlapped.dll</ModulePath>
      <ModuleTime>2020-04-21T23:56:14Z</ModuleTime>
      <ModuleName>System.Threading.Overlapped</ModuleName>
      <Classes />
    </Module>
    <Module skippedDueTo="Filter" hash="9D-04-1C-5F-D0-87-34-C7-1C-8D-05-7F-AB-D0-26-40-65-2D-DA-68">
      <ModulePath>C:\Program Files\dotnet\shared\Microsoft.NETCore.App\3.1.4\System.Threading.Thread.dll</ModulePath>
      <ModuleTime>2020-04-21T23:56:14Z</ModuleTime>
      <ModuleName>System.Threading.Thread</ModuleName>
      <Classes />
    </Module>
    <Module skippedDueTo="Filter" hash="16-43-27-F0-3F-AF-7E-3F-76-0C-B7-B3-6A-26-C4-3F-C0-12-3F-5C">
      <ModulePath>C:\Program Files\dotnet\shared\Microsoft.NETCore.App\3.1.4\System.ObjectModel.dll</ModulePath>
      <ModuleTime>2020-04-21T23:55:32Z</ModuleTime>
      <ModuleName>System.ObjectModel</ModuleName>
      <Classes />
    </Module>
    <Module skippedDueTo="Filter" hash="64-4A-8C-06-24-45-5D-64-42-ED-2A-47-61-98-1D-F4-06-76-40-CC">
      <ModulePath>C:\Program Files\dotnet\shared\Microsoft.NETCore.App\3.1.4\System.Private.CoreLib.dll</ModulePath>
      <ModuleTime>2020-04-02T19:14:40Z</ModuleTime>
      <ModuleName>System.Private.CoreLib</ModuleName>
      <Classes />
    </Module>
    <Module skippedDueTo="Filter" hash="03-0A-81-76-B1-5F-9C-D1-FD-05-04-97-9E-03-39-1B-0D-76-60-B3">
      <ModulePath>C:\Program Files\dotnet\shared\Microsoft.NETCore.App\3.1.4\System.Threading.Tasks.Dataflow.dll</ModulePath>
      <ModuleTime>2020-04-21T23:56:16Z</ModuleTime>
      <ModuleName>System.Threading.Tasks.Dataflow</ModuleName>
      <Classes />
    </Module>
    <Module skippedDueTo="Filter" hash="3E-DB-4C-12-F3-45-B1-2C-34-5B-25-95-96-93-0B-09-4C-13-32-D6">
      <ModulePath>C:\Program Files\dotnet\sdk\3.1.300\MSBuild.dll</ModulePath>
      <ModuleTime>2020-05-01T17:24:00Z</ModuleTime>
      <ModuleName>MSBuild</ModuleName>
      <Classes />
    </Module>
    <Module skippedDueTo="Filter" hash="61-EA-9C-70-51-6B-66-E6-3B-AF-39-D2-5E-C0-E6-B9-E4-BB-41-39">
      <ModulePath>C:\Program Files\dotnet\shared\Microsoft.NETCore.App\3.1.4\System.Runtime.dll</ModulePath>
      <ModuleTime>2020-04-21T23:56:02Z</ModuleTime>
      <ModuleName>System.Runtime</ModuleName>
      <Classes />
    </Module>
    <Module skippedDueTo="Filter" hash="98-F0-22-8A-D5-51-16-72-A6-F3-52-BC-8A-62-97-2C-8F-45-AE-91">
      <ModulePath>C:\Program Files\dotnet\shared\Microsoft.NETCore.App\3.1.4\System.Runtime.Loader.dll</ModulePath>
      <ModuleTime>2020-04-21T23:56:02Z</ModuleTime>
      <ModuleName>System.Runtime.Loader</ModuleName>
      <Classes />
    </Module>
    <Module skippedDueTo="Filter" hash="2C-F8-89-FD-3F-D1-C8-D2-67-4E-70-B5-31-DD-82-D3-F2-F1-99-51">
[...]
      <ModulePath>C:\Program Files\dotnet\shared\Microsoft.NETCore.App\3.1.4\System.Net.NetworkInformation.dll</ModulePath>
      <ModuleTime>2020-04-21T23:56:08Z</ModuleTime>
      <ModuleName>System.Net.NetworkInformation</ModuleName>
      <Classes />
    </Module>
    <Module skippedDueTo="Filter" hash="25-0B-B0-F6-4A-3B-84-D8-80-E4-F6-F3-BB-C3-C0-FC-3D-BB-6F-79">
      <ModulePath>C:\Program Files\dotnet\shared\Microsoft.NETCore.App\3.1.4\System.Net.Ping.dll</ModulePath>
      <ModuleTime>2020-04-21T23:56:08Z</ModuleTime>
      <ModuleName>System.Net.Ping</ModuleName>
      <Classes />
    </Module>
    <Module skippedDueTo="Filter" hash="A9-04-01-39-24-89-3D-BC-EF-23-97-7B-54-AD-74-A1-F9-04-6E-DE">
      <ModulePath>C:\Program Files\dotnet\shared\Microsoft.NETCore.App\3.1.4\System.Net.ServicePoint.dll</ModulePath>
      <ModuleTime>2020-04-21T23:55:58Z</ModuleTime>
      <ModuleName>System.Net.ServicePoint</ModuleName>
      <Classes />
    </Module>
    <Module skippedDueTo="Filter" hash="35-FA-DB-72-2D-47-F2-48-CC-68-F3-39-3D-92-50-09-E0-EB-58-BF">
      <ModulePath>C:\Program Files\dotnet\shared\Microsoft.NETCore.App\3.1.4\System.Net.WebClient.dll</ModulePath>
      <ModuleTime>2020-04-21T23:55:54Z</ModuleTime>
      <ModuleName>System.Net.WebClient</ModuleName>
      <Classes />
    </Module>
    <Module skippedDueTo="Filter" hash="6B-DB-E3-30-30-E8-4B-84-00-18-2E-13-59-80-4C-21-77-FD-78-63">
      <ModulePath>C:\Program Files\dotnet\shared\Microsoft.NETCore.App\3.1.4\System.Net.WebHeaderCollection.dll</ModulePath>
      <ModuleTime>2020-04-21T23:55:32Z</ModuleTime>
      <ModuleName>System.Net.WebHeaderCollection</ModuleName>
      <Classes />
    </Module>
    <Module skippedDueTo="Filter" hash="67-13-6F-DB-C5-D4-5F-B9-2B-1C-A2-9A-A1-91-37-60-57-F9-7C-9A">
      <ModulePath>C:\Program Files\dotnet\shared\Microsoft.NETCore.App\3.1.4\System.Net.WebProxy.dll</ModulePath>
      <ModuleTime>2020-04-21T23:55:32Z</ModuleTime>
      <ModuleName>System.Net.WebProxy</ModuleName>
      <Classes />
    </Module>
    <Module skippedDueTo="Filter" hash="C6-6B-B1-DB-62-26-DF-9B-1E-46-7C-5E-3C-08-72-B4-6A-D1-2D-41">
      <ModulePath>C:\Program Files\dotnet\shared\Microsoft.NETCore.App\3.1.4\System.Net.WebSockets.Client.dll</ModulePath>
      <ModuleTime>2020-04-21T23:55:32Z</ModuleTime>
      <ModuleName>System.Net.WebSockets.Client</ModuleName>
      <Classes />
    </Module>
    <Module skippedDueTo="Filter" hash="86-D5-CF-F7-6A-F1-9D-C9-89-43-BA-4B-DA-90-39-3B-38-32-6E-57">
      <ModulePath>C:\Program Files\dotnet\shared\Microsoft.NETCore.App\3.1.4\System.Net.dll</ModulePath>
      <ModuleTime>2020-04-21T23:56:08Z</ModuleTime>
      <ModuleName>System.Net</ModuleName>
      <Classes />
    </Module>
    <Module skippedDueTo="Filter" hash="59-32-72-DF-76-F3-88-C1-33-51-1B-AB-85-A0-00-9D-B2-A2-85-4D">
      <ModulePath>C:\Program Files\dotnet\shared\Microsoft.NETCore.App\3.1.4\System.Numerics.Vectors.dll</ModulePath>
      <ModuleTime>2020-04-21T23:55:58Z</ModuleTime>
      <ModuleName>System.Numerics.Vectors</ModuleName>
      <Classes />
    </Module>
    <Module skippedDueTo="Filter" hash="E8-B2-EF-25-5E-5F-56-41-C7-B1-EB-BF-CB-2B-6E-EC-4B-3E-5A-24">
      <ModulePath>C:\Program Files\dotnet\shared\Microsoft.NETCore.App\3.1.4\System.Numerics.dll</ModulePath>
      <ModuleTime>2020-04-21T23:55:32Z</ModuleTime>
      <ModuleName>System.Numerics</ModuleName>
      <Classes />
    </Module>
    <Module skippedDueTo="Filter" hash="B4-5A-58-44-1A-25-82-1C-C2-3C-DE-3C-5C-4B-0C-6F-A8-5A-EE-04">
      <ModulePath>C:\Program Files\dotnet\shared\Microsoft.NETCore.App\3.1.4\System.Private.DataContractSerialization.dll</ModulePath>
      <ModuleTime>2020-04-21T23:55:58Z</ModuleTime>
      <ModuleName>System.Private.DataContractSerialization</ModuleName>
      <Classes />
    </Module>
    <Module skippedDueTo="Filter" hash="F8-88-84-CD-C6-AB-23-64-2A-8E-B0-01-23-A3-A0-1B-29-92-2D-86">
      <ModulePath>C:\Program Files\dotnet\shared\Microsoft.NETCore.App\3.1.4\System.Reflection.DispatchProxy.dll</ModulePath>
      <ModuleTime>2020-04-21T23:55:58Z</ModuleTime>
      <ModuleName>System.Reflection.DispatchProxy</ModuleName>
      <Classes />
    </Module>
    <Module skippedDueTo="Filter" hash="96-66-60-D9-FD-12-84-75-77-E1-A2-4F-B5-AF-A4-1A-8C-4E-F4-E2">
      <ModulePath>C:\Program Files\dotnet\shared\Microsoft.NETCore.App\3.1.4\System.Reflection.Emit.dll</ModulePath>
      <ModuleTime>2020-04-21T23:55:32Z</ModuleTime>
      <ModuleName>System.Reflection.Emit</ModuleName>
      <Classes />
    </Module>
    <Module skippedDueTo="Filter" hash="2A-60-90-17-75-C7-11-0F-E6-78-61-EC-CE-4F-94-04-DB-08-45-8F">
      <ModulePath>C:\Program Files\dotnet\shared\Microsoft.NETCore.App\3.1.4\System.Reflection.TypeExtensions.dll</ModulePath>
      <ModuleTime>2020-04-21T23:55:54Z</ModuleTime>
      <ModuleName>System.Reflection.TypeExtensions</ModuleName>
      <Classes />
    </Module>
    <Module skippedDueTo="Filter" hash="F5-A9-A9-ED-AF-E0-74-A8-32-8E-05-0B-53-98-7D-68-6B-C5-6B-60">
      <ModulePath>C:\Program Files\dotnet\shared\Microsoft.NETCore.App\3.1.4\System.Resources.Reader.dll</ModulePath>
      <ModuleTime>2020-04-21T23:56:00Z</ModuleTime>
      <ModuleName>System.Resources.Reader</ModuleName>
      <Classes />
    </Module>
    <Module skippedDueTo="Filter" hash="BD-28-51-98-43-E0-0D-0D-E2-31-49-40-DA-4E-19-16-64-24-50-87">
      <ModulePath>C:\Program Files\dotnet\shared\Microsoft.NETCore.App\3.1.4\System.Resources.Writer.dll</ModulePath>
      <ModuleTime>2020-04-21T23:56:02Z</ModuleTime>
      <ModuleName>System.Resources.Writer</ModuleName>
      <Classes />
    </Module>
    <Module skippedDueTo="Filter" hash="7B-CD-89-00-7B-BF-0D-A2-E2-D0-AD-EC-48-AD-6A-8F-37-A4-0C-49">
      <ModulePath>C:\Program Files\dotnet\shared\Microsoft.NETCore.App\3.1.4\System.Runtime.CompilerServices.Unsafe.dll</ModulePath>
      <ModuleTime>2020-04-21T23:56:00Z</ModuleTime>
      <ModuleName>System.Runtime.CompilerServices.Unsafe</ModuleName>
      <Classes />
    </Module>
    <Module skippedDueTo="Filter" hash="0E-17-75-66-EC-22-4F-57-8C-14-01-37-9C-E6-81-9D-89-40-FA-92">
      <ModulePath>C:\Program Files\dotnet\shared\Microsoft.NETCore.App\3.1.4\System.Runtime.CompilerServices.VisualC.dll</ModulePath>
      <ModuleTime>2020-04-21T23:55:34Z</ModuleTime>
      <ModuleName>System.Runtime.CompilerServices.VisualC</ModuleName>
      <Classes />
    </Module>
    <Module skippedDueTo="Filter" hash="71-39-CA-B0-CE-41-01-88-F1-CF-86-F3-50-7D-5E-58-BC-3A-14-3B">
      <ModulePath>C:\Program Files\dotnet\shared\Microsoft.NETCore.App\3.1.4\System.Runtime.Handles.dll</ModulePath>
      <ModuleTime>2020-04-21T23:56:02Z</ModuleTime>
      <ModuleName>System.Runtime.Handles</ModuleName>
      <Classes />
    </Module>
    <Module skippedDueTo="Filter" hash="A5-05-50-2A-83-5F-12-B0-9A-3F-6D-A5-55-07-E3-FB-FE-C0-2C-06">
      <ModulePath>C:\Program Files\dotnet\shared\Microsoft.NETCore.App\3.1.4\System.Runtime.InteropServices.WindowsRuntime.dll</ModulePath>
      <ModuleTime>2020-04-21T23:55:34Z</ModuleTime>
      <ModuleName>System.Runtime.InteropServices.WindowsRuntime</ModuleName>
      <Classes />
    </Module>
    <Module skippedDueTo="Filter" hash="8A-44-75-A8-F7-7F-31-C9-88-51-53-52-09-36-E3-2B-8A-FD-15-76">
      <ModulePath>C:\Program Files\dotnet\shared\Microsoft.NETCore.App\3.1.4\System.Runtime.Intrinsics.dll</ModulePath>
      <ModuleTime>2020-04-21T23:56:02Z</ModuleTime>
      <ModuleName>System.Runtime.Intrinsics</ModuleName>
      <Classes />
    </Module>
    <Module skippedDueTo="Filter" hash="9C-DE-12-EB-BD-BB-FF-75-19-F3-CC-B6-AC-7A-B5-C9-54-3C-A1-31">
      <ModulePath>C:\Program Files\dotnet\shared\Microsoft.NETCore.App\3.1.4\System.Runtime.Serialization.Json.dll</ModulePath>
      <ModuleTime>2020-04-21T23:56:04Z</ModuleTime>
      <ModuleName>System.Runtime.Serialization.Json</ModuleName>
      <Classes />
    </Module>
    <Module skippedDueTo="Filter" hash="69-A9-50-2D-82-EF-1B-4A-BE-6B-DE-B1-36-46-E2-1C-06-8E-08-65">
      <ModulePath>C:\Program Files\dotnet\shared\Microsoft.NETCore.App\3.1.4\System.Runtime.Serialization.Xml.dll</ModulePath>
      <ModuleTime>2020-04-21T23:56:14Z</ModuleTime>
      <ModuleName>System.Runtime.Serialization.Xml</ModuleName>
      <Classes />
    </Module>
    <Module skippedDueTo="Filter" hash="20-BB-47-EF-F1-AE-1B-19-85-3D-37-BC-D6-8F-94-34-11-A0-92-34">
      <ModulePath>C:\Program Files\dotnet\shared\Microsoft.NETCore.App\3.1.4\System.Runtime.Serialization.dll</ModulePath>
      <ModuleTime>2020-04-21T23:56:04Z</ModuleTime>
      <ModuleName>System.Runtime.Serialization</ModuleName>
      <Classes />
    </Module>
    <Module skippedDueTo="Filter" hash="AA-6E-90-82-02-12-5E-8D-F3-9D-CE-CC-6F-59-DE-25-FB-FA-28-47">
      <ModulePath>C:\Program Files\dotnet\shared\Microsoft.NETCore.App\3.1.4\System.Runtime.WindowsRuntime.UI.Xaml.dll</ModulePath>
      <ModuleTime>2020-04-21T23:56:06Z</ModuleTime>
      <ModuleName>System.Runtime.WindowsRuntime.UI.Xaml</ModuleName>
      <Classes />
    </Module>
    <Module skippedDueTo="Filter" hash="55-F4-FF-42-14-BA-C2-E6-58-1E-AF-54-5B-EA-1F-9D-5C-5A-64-11">
      <ModulePath>C:\Program Files\dotnet\shared\Microsoft.NETCore.App\3.1.4\System.Runtime.WindowsRuntime.dll</ModulePath>
      <ModuleTime>2020-04-21T23:56:10Z</ModuleTime>
      <ModuleName>System.Runtime.WindowsRuntime</ModuleName>
      <Classes />
    </Module>
    <Module skippedDueTo="Filter" hash="86-BA-39-88-B6-F5-FE-98-16-E2-6C-C0-69-70-4B-35-22-C1-60-C2">
      <ModulePath>C:\Windows\system32\WinMetadata\Windows.Foundation.winmd</ModulePath>
      <ModuleTime>2020-02-09T20:04:22.7127124Z</ModuleTime>
      <ModuleName>Windows.Foundation</ModuleName>
      <Classes />
    </Module>
    <Module skippedDueTo="Filter" hash="EF-DA-13-43-19-12-4C-91-7E-EF-0B-82-42-2A-54-D2-A6-C1-ED-15">
      <ModulePath>C:\Windows\system32\WinMetadata\Windows.Storage.winmd</ModulePath>
      <ModuleTime>2020-02-09T20:04:22.7585523Z</ModuleTime>
      <ModuleName>Windows.Storage</ModuleName>
      <Classes />
    </Module>
    <Module skippedDueTo="Filter" hash="9D-5C-1A-04-0D-0A-E1-B1-B6-C6-61-7B-BB-C0-89-FC-A0-3C-DE-FD">
      <ModulePath>C:\Program Files\dotnet\shared\Microsoft.NETCore.App\3.1.4\System.Security.Cryptography.Cng.dll</ModulePath>
      <ModuleTime>2020-04-21T23:56:16Z</ModuleTime>
      <ModuleName>System.Security.Cryptography.Cng</ModuleName>
      <Classes />
    </Module>
    <Module skippedDueTo="Filter" hash="10-F1-64-68-99-32-44-C9-D6-91-AF-AC-E1-04-F6-23-A8-0D-BA-48">
      <ModulePath>C:\Program Files\dotnet\shared\Microsoft.NETCore.App\3.1.4\System.Security.Cryptography.Csp.dll</ModulePath>
      <ModuleTime>2020-04-21T23:56:06Z</ModuleTime>
      <ModuleName>System.Security.Cryptography.Csp</ModuleName>
      <Classes />
    </Module>
    <Module skippedDueTo="Filter" hash="36-3B-69-AE-31-A8-64-BA-8C-29-F6-E7-05-85-97-FE-58-B8-98-2F">
      <ModulePath>C:\Program Files\dotnet\shared\Microsoft.NETCore.App\3.1.4\System.Security.Cryptography.OpenSsl.dll</ModulePath>
      <ModuleTime>2020-04-21T23:56:04Z</ModuleTime>
      <ModuleName>System.Security.Cryptography.OpenSsl</ModuleName>
      <Classes />
    </Module>
    <Module skippedDueTo="Filter" hash="42-F0-3E-59-06-BC-4D-86-35-8D-DC-19-C5-BD-10-BE-AF-95-F1-C0">
      <ModulePath>C:\Program Files\dotnet\shared\Microsoft.NETCore.App\3.1.4\System.Security.SecureString.dll</ModulePath>
      <ModuleTime>2020-04-21T23:56:10Z</ModuleTime>
      <ModuleName>System.Security.SecureString</ModuleName>
      <Classes />
    </Module>
    <Module skippedDueTo="Filter" hash="84-DE-1B-68-AB-6D-F2-29-30-8B-9B-B4-77-4C-39-B0-A7-30-63-D7">
      <ModulePath>C:\Program Files\dotnet\shared\Microsoft.NETCore.App\3.1.4\System.Security.dll</ModulePath>
      <ModuleTime>2020-04-21T23:56:06Z</ModuleTime>
      <ModuleName>System.Security</ModuleName>
      <Classes />
    </Module>
    <Module skippedDueTo="Filter" hash="A3-D3-87-C4-EB-C3-03-4F-D4-1A-2C-C0-B8-DF-BA-06-27-53-AB-61">
      <ModulePath>C:\Program Files\dotnet\shared\Microsoft.NETCore.App\3.1.4\System.ServiceModel.Web.dll</ModulePath>
      <ModuleTime>2020-04-21T23:56:08Z</ModuleTime>
      <ModuleName>System.ServiceModel.Web</ModuleName>
      <Classes />
    </Module>
    <Module skippedDueTo="Filter" hash="C2-4F-1A-09-91-51-2D-6E-90-25-21-DB-88-CF-01-1A-F3-A4-E9-17">
      <ModulePath>C:\Program Files\dotnet\shared\Microsoft.NETCore.App\3.1.4\System.ServiceProcess.dll</ModulePath>
      <ModuleTime>2020-04-21T23:56:08Z</ModuleTime>
      <ModuleName>System.ServiceProcess</ModuleName>
      <Classes />
    </Module>
    <Module skippedDueTo="Filter" hash="1A-CA-31-FA-BB-45-86-55-11-2B-33-54-9F-AB-90-43-3A-62-FE-9B">
      <ModulePath>C:\Program Files\dotnet\shared\Microsoft.NETCore.App\3.1.4\System.Text.Encoding.CodePages.dll</ModulePath>
      <ModuleTime>2020-04-21T23:56:14Z</ModuleTime>
      <ModuleName>System.Text.Encoding.CodePages</ModuleName>
      <Classes />
    </Module>
    <Module skippedDueTo="Filter" hash="D7-24-AB-E7-60-90-61-4C-11-F8-27-BB-1C-A1-29-69-69-9F-8C-5F">
      <ModulePath>C:\Program Files\dotnet\shared\Microsoft.NETCore.App\3.1.4\System.Threading.Channels.dll</ModulePath>
      <ModuleTime>2020-04-21T23:56:12Z</ModuleTime>
      <ModuleName>System.Threading.Channels</ModuleName>
      <Classes />
    </Module>
    <Module skippedDueTo="Filter" hash="03-0A-81-76-B1-5F-9C-D1-FD-05-04-97-9E-03-39-1B-0D-76-60-B3">
      <ModulePath>C:\Program Files\dotnet\shared\Microsoft.NETCore.App\3.1.4\System.Threading.Tasks.Dataflow.dll</ModulePath>
      <ModuleTime>2020-04-21T23:56:16Z</ModuleTime>
      <ModuleName>System.Threading.Tasks.Dataflow</ModuleName>
      <Classes />
    </Module>
    <Module skippedDueTo="Filter" hash="94-0D-CD-8F-D0-B2-E1-A7-A8-F8-58-0B-83-42-48-75-AE-1C-40-25">
      <ModulePath>C:\Program Files\dotnet\shared\Microsoft.NETCore.App\3.1.4\System.Threading.Tasks.Parallel.dll</ModulePath>
      <ModuleTime>2020-04-21T23:56:12Z</ModuleTime>
      <ModuleName>System.Threading.Tasks.Parallel</ModuleName>
      <Classes />
    </Module>
    <Module skippedDueTo="Filter" hash="4E-50-DC-9A-26-B4-1F-20-81-B3-43-B7-08-90-0B-6A-05-82-77-BF">
      <ModulePath>C:\Program Files\dotnet\shared\Microsoft.NETCore.App\3.1.4\System.Transactions.dll</ModulePath>
      <ModuleTime>2020-04-21T23:56:14Z</ModuleTime>
      <ModuleName>System.Transactions</ModuleName>
      <Classes />
    </Module>
    <Module skippedDueTo="Filter" hash="5B-A5-C4-62-0D-DF-38-77-55-90-8A-99-DC-AD-E3-08-B8-89-E4-DD">
      <ModulePath>C:\Program Files\dotnet\shared\Microsoft.NETCore.App\3.1.4\System.ValueTuple.dll</ModulePath>
      <ModuleTime>2020-04-21T23:56:12Z</ModuleTime>
      <ModuleName>System.ValueTuple</ModuleName>
      <Classes />
    </Module>
    <Module skippedDueTo="Filter" hash="FD-70-C4-93-66-60-78-1E-78-10-F2-DD-EB-9D-51-BD-0C-5A-77-A7">
      <ModulePath>C:\Program Files\dotnet\shared\Microsoft.NETCore.App\3.1.4\System.Web.HttpUtility.dll</ModulePath>
      <ModuleTime>2020-04-21T23:55:38Z</ModuleTime>
      <ModuleName>System.Web.HttpUtility</ModuleName>
      <Classes />
    </Module>
    <Module skippedDueTo="Filter" hash="2B-2A-B3-A4-83-DE-DC-91-66-BF-5B-80-58-C4-88-E8-97-21-FA-EB">
      <ModulePath>C:\Program Files\dotnet\shared\Microsoft.NETCore.App\3.1.4\System.Web.dll</ModulePath>
      <ModuleTime>2020-04-21T23:55:32Z</ModuleTime>
      <ModuleName>System.Web</ModuleName>
      <Classes />
    </Module>
    <Module skippedDueTo="Filter" hash="88-CF-7A-9D-3D-9B-AB-2A-6F-05-24-DD-96-B1-EF-D8-D3-E7-31-F1">
      <ModulePath>C:\Program Files\dotnet\shared\Microsoft.NETCore.App\3.1.4\System.Windows.dll</ModulePath>
      <ModuleTime>2020-04-21T23:55:30Z</ModuleTime>
      <ModuleName>System.Windows</ModuleName>
      <Classes />
    </Module>
    <Module skippedDueTo="Filter" hash="03-AC-AD-9F-1F-79-57-96-4C-0C-26-B6-EF-A8-5E-EA-F9-C7-78-F4">
      <ModulePath>C:\Program Files\dotnet\shared\Microsoft.NETCore.App\3.1.4\System.Xml.Linq.dll</ModulePath>
      <ModuleTime>2020-04-21T23:55:30Z</ModuleTime>
      <ModuleName>System.Xml.Linq</ModuleName>
      <Classes />
    </Module>
    <Module skippedDueTo="Filter" hash="1A-39-91-CB-C7-E5-62-C0-EC-1B-F0-BF-9A-5D-94-2D-16-6D-52-F6">
      <ModulePath>C:\Program Files\dotnet\shared\Microsoft.NETCore.App\3.1.4\System.Xml.Serialization.dll</ModulePath>
      <ModuleTime>2020-04-21T23:55:30Z</ModuleTime>
      <ModuleName>System.Xml.Serialization</ModuleName>
      <Classes />
    </Module>
    <Module skippedDueTo="Filter" hash="14-5E-15-71-30-B5-5E-00-3E-EF-43-9F-75-77-62-C7-2F-92-BB-31">
      <ModulePath>C:\Program Files\dotnet\shared\Microsoft.NETCore.App\3.1.4\System.Xml.XPath.XDocument.dll</ModulePath>
      <ModuleTime>2020-04-21T23:55:48Z</ModuleTime>
      <ModuleName>System.Xml.XPath.XDocument</ModuleName>
      <Classes />
    </Module>
    <Module skippedDueTo="Filter" hash="A3-68-BD-E4-EF-C3-39-3E-21-60-EB-1C-75-19-AA-45-F4-24-CC-1B">
      <ModulePath>C:\Program Files\dotnet\shared\Microsoft.NETCore.App\3.1.4\System.Xml.XPath.dll</ModulePath>
      <ModuleTime>2020-04-21T23:55:32Z</ModuleTime>
      <ModuleName>System.Xml.XPath</ModuleName>
      <Classes />
    </Module>
    <Module skippedDueTo="Filter" hash="EE-3D-97-A2-71-88-A2-C6-31-60-A5-80-C5-C7-A7-71-87-36-72-17">
      <ModulePath>C:\Program Files\dotnet\shared\Microsoft.NETCore.App\3.1.4\System.Xml.XmlDocument.dll</ModulePath>
      <ModuleTime>2020-04-21T23:55:30Z</ModuleTime>
      <ModuleName>System.Xml.XmlDocument</ModuleName>
      <Classes />
    </Module>
    <Module skippedDueTo="Filter" hash="14-A9-59-5A-66-A5-7D-78-DB-3B-FA-C6-9D-DD-6E-0D-0F-EA-83-73">
      <ModulePath>C:\Program Files\dotnet\shared\Microsoft.NETCore.App\3.1.4\System.Xml.XmlSerializer.dll</ModulePath>
      <ModuleTime>2020-04-21T23:55:30Z</ModuleTime>
      <ModuleName>System.Xml.XmlSerializer</ModuleName>
      <Classes />
    </Module>
    <Module skippedDueTo="Filter" hash="F9-6A-8E-12-EE-BE-87-83-68-D5-F5-10-7F-3A-4E-87-C6-07-AE-01">
      <ModulePath>C:\Program Files\dotnet\shared\Microsoft.NETCore.App\3.1.4\System.Xml.dll</ModulePath>
      <ModuleTime>2020-04-21T23:55:34Z</ModuleTime>
      <ModuleName>System.Xml</ModuleName>
      <Classes />
    </Module>
    <Module skippedDueTo="Filter" hash="38-82-9A-F1-BB-3D-8B-8E-61-92-2C-D2-52-44-51-B5-F6-49-EE-D5">
      <ModulePath>C:\Program Files\dotnet\shared\Microsoft.NETCore.App\3.1.4\System.dll</ModulePath>
      <ModuleTime>2020-04-21T23:56:02Z</ModuleTime>
      <ModuleName>System</ModuleName>
      <Classes />
    </Module>
    <Module skippedDueTo="Filter" hash="FF-08-92-38-65-F1-F7-13-85-97-DF-F3-F9-DD-55-21-EC-15-91-15">
      <ModulePath>C:\Program Files\dotnet\shared\Microsoft.NETCore.App\3.1.4\WindowsBase.dll</ModulePath>
      <ModuleTime>2020-04-21T23:55:38Z</ModuleTime>
      <ModuleName>WindowsBase</ModuleName>
      <Classes />
    </Module>
    <Module skippedDueTo="Filter" hash="2B-0E-C4-2C-54-CA-19-66-1A-7E-27-2A-03-A3-92-F0-59-0C-D6-9D">
      <ModulePath>C:\source\github\repos\IdentityServer\IdentityService\IdentityService.FunctionalTests\bin\Debug\netcoreapp3.1\xunit.runner.reporters.netcoreapp10.dll</ModulePath>
      <ModuleTime>2018-10-29T00:17:14Z</ModuleTime>
      <ModuleName>xunit.runner.reporters.netcoreapp10</ModuleName>
      <Classes />
    </Module>
    <Module skippedDueTo="Filter" hash="81-48-8E-CA-A5-B9-7A-0F-00-04-D9-05-3D-F8-9B-C8-CC-66-86-A7">
      <ModulePath>C:\source\github\repos\IdentityServer\IdentityService\IdentityService.FunctionalTests\bin\Debug\netcoreapp3.1\xunit.runner.visualstudio.dotnetcore.testadapter.dll</ModulePath>
      <ModuleTime>2018-10-29T00:17:12Z</ModuleTime>
      <ModuleName>xunit.runner.visualstudio.dotnetcore.testadapter</ModuleName>
      <Classes />
    </Module>
  </Modules>
</CoverageSession>